Using pre-set license
Built from '2021.3/evg/staging/82bb020e-b03b1330/draft-0' branch; Version is '2021.3.16f1 (4016570cf34f) revision 4200023'; Using compiler version '192829333'; Build Type 'Release'
OS: 'Windows 10  (10.0.19044) 64bit Professional' Language: 'en' Physical Memory: 32678 MB
BatchMode: 1, IsHumanControllingUs: 0, StartBugReporterOnCrash: 0, Is64bit: 1, IsPro: 1

COMMAND LINE ARGUMENTS:
C:\Program Files\Unity\Hub\Editor\2021.3.16f1\Editor\Unity.exe
-adb2
-batchMode
-noUpm
-name
AssetImportWorker3
-projectPath
C:/REPOS/Spice-Of-Life/Unity/SpiceOfLife
-logFile
Logs/AssetImportWorker3.log
-srvPort
54097
Successfully changed project path to: C:/REPOS/Spice-Of-Life/Unity/SpiceOfLife
C:/REPOS/Spice-Of-Life/Unity/SpiceOfLife
[UnityMemory] Configuration Parameters - Can be set up in boot.config
    "memorysetup-bucket-allocator-granularity=16"
    "memorysetup-bucket-allocator-bucket-count=8"
    "memorysetup-bucket-allocator-block-size=33554432"
    "memorysetup-bucket-allocator-block-count=8"
    "memorysetup-main-allocator-block-size=16777216"
    "memorysetup-thread-allocator-block-size=16777216"
    "memorysetup-gfx-main-allocator-block-size=16777216"
    "memorysetup-gfx-thread-allocator-block-size=16777216"
    "memorysetup-cache-allocator-block-size=4194304"
    "memorysetup-typetree-allocator-block-size=2097152"
    "memorysetup-profiler-bucket-allocator-granularity=16"
    "memorysetup-profiler-bucket-allocator-bucket-count=8"
    "memorysetup-profiler-bucket-allocator-block-size=33554432"
    "memorysetup-profiler-bucket-allocator-block-count=8"
    "memorysetup-profiler-allocator-block-size=16777216"
    "memorysetup-profiler-editor-allocator-block-size=1048576"
    "memorysetup-temp-allocator-size-main=16777216"
    "memorysetup-job-temp-allocator-block-size=2097152"
    "memorysetup-job-temp-allocator-block-size-background=1048576"
    "memorysetup-job-temp-allocator-reduction-small-platforms=262144"
    "memorysetup-temp-allocator-size-background-worker=32768"
    "memorysetup-temp-allocator-size-job-worker=262144"
    "memorysetup-temp-allocator-size-preload-manager=33554432"
    "memorysetup-temp-allocator-size-nav-mesh-worker=65536"
    "memorysetup-temp-allocator-size-audio-worker=65536"
    "memorysetup-temp-allocator-size-cloud-worker=32768"
    "memorysetup-temp-allocator-size-gi-baking-worker=262144"
    "memorysetup-temp-allocator-size-gfx=262144"
Player connection [23332] Host "[IP] 192.168.178.73 [Port] 0 [Flags] 2 [Guid] 3307935631 [EditorId] 3307935631 [Version] 1048832 [Id] WindowsEditor(7,i7) [Debug] 1 [PackageName] WindowsEditor [ProjectName] Editor" joined multi-casting on [225.0.0.222:54997]...

Player connection [23332] Host "[IP] 192.168.178.73 [Port] 0 [Flags] 2 [Guid] 3307935631 [EditorId] 3307935631 [Version] 1048832 [Id] WindowsEditor(7,i7) [Debug] 1 [PackageName] WindowsEditor [ProjectName] Editor" joined alternative multi-casting on [225.0.0.222:34997]...

Refreshing native plugins compatible for Editor in 110.15 ms, found 3 plugins.
Preloading 0 native plugins for Editor in 0.00 ms.
Initialize engine version: 2021.3.16f1 (4016570cf34f)
[Subsystems] Discovering subsystems at path C:/Program Files/Unity/Hub/Editor/2021.3.16f1/Editor/Data/Resources/UnitySubsystems
[Subsystems] Discovering subsystems at path C:/REPOS/Spice-Of-Life/Unity/SpiceOfLife/Assets
GfxDevice: creating device client; threaded=0; jobified=0
Direct3D:
    Version:  Direct3D 11.0 [level 11.1]
    Renderer: NVIDIA GeForce RTX 3060 (ID=0x2504)
    Vendor:   NVIDIA
    VRAM:     12129 MB
    Driver:   31.0.15.3179
Shader 'Shader Forge/TLD_StandardDiffuse': fallback shader '_LongDark/TLD_StandardShared' not found
Shader 'Shader Forge/TLD_StandardDiffuse': fallback shader '_LongDark/TLD_StandardShared' not found
Initialize mono
Mono path[0] = 'C:/Program Files/Unity/Hub/Editor/2021.3.16f1/Editor/Data/Managed'
Mono path[1] = 'C:/Program Files/Unity/Hub/Editor/2021.3.16f1/Editor/Data/MonoBleedingEdge/lib/mono/unityjit-win32'
Mono config path = 'C:/Program Files/Unity/Hub/Editor/2021.3.16f1/Editor/Data/MonoBleedingEdge/etc'
Using monoOptions --debugger-agent=transport=dt_socket,embedding=1,server=y,suspend=n,address=127.0.0.1:56784
Begin MonoManager ReloadAssembly
Registering precompiled unity dll's ...
Register platform support module: C:/Program Files/Unity/Hub/Editor/2021.3.16f1/Editor/Data/PlaybackEngines/WindowsStandaloneSupport/UnityEditor.WindowsStandalone.Extensions.dll
Registered in 0.008563 seconds.
Native extension for WindowsStandalone target not found
Refreshing native plugins compatible for Editor in 107.54 ms, found 3 plugins.
Preloading 0 native plugins for Editor in 0.00 ms.
Mono: successfully reloaded assembly
- Completed reload, in  0.850 seconds
Domain Reload Profiling:
	ReloadAssembly (851ms)
		BeginReloadAssembly (107ms)
			ExecutionOrderSort (0ms)
			DisableScriptedObjects (0ms)
			BackupInstance (0ms)
			ReleaseScriptingObjects (0ms)
			CreateAndSetChildDomain (1ms)
		EndReloadAssembly (598ms)
			LoadAssemblies (104ms)
			RebuildTransferFunctionScriptingTraits (0ms)
			SetupTypeCache (139ms)
			ReleaseScriptCaches (0ms)
			RebuildScriptCaches (37ms)
			SetupLoadedEditorAssemblies (358ms)
				LogAssemblyErrors (0ms)
				InitializePlatformSupportModulesInManaged (10ms)
				SetLoadedEditorAssemblies (0ms)
				RefreshPlugins (108ms)
				BeforeProcessingInitializeOnLoad (2ms)
				ProcessInitializeOnLoadAttributes (179ms)
				ProcessInitializeOnLoadMethodAttributes (59ms)
				AfterProcessingInitializeOnLoad (0ms)
				EditorAssembliesLoaded (0ms)
			ExecutionOrderSort2 (0ms)
			AwakeInstancesAfterBackupRestoration (0ms)
Platform modules already initialized, skipping
Registering precompiled user dll's ...
Registered in 0.007023 seconds.
Begin MonoManager ReloadAssembly
Native extension for WindowsStandalone target not found
Refreshing native plugins compatible for Editor in 0.79 ms, found 3 plugins.
Preloading 0 native plugins for Editor in 0.00 ms.
Mono: successfully reloaded assembly
- Completed reload, in  1.713 seconds
Domain Reload Profiling:
	ReloadAssembly (1714ms)
		BeginReloadAssembly (145ms)
			ExecutionOrderSort (0ms)
			DisableScriptedObjects (10ms)
			BackupInstance (0ms)
			ReleaseScriptingObjects (0ms)
			CreateAndSetChildDomain (24ms)
		EndReloadAssembly (1417ms)
			LoadAssemblies (104ms)
			RebuildTransferFunctionScriptingTraits (0ms)
			SetupTypeCache (385ms)
			ReleaseScriptCaches (1ms)
			RebuildScriptCaches (73ms)
			SetupLoadedEditorAssemblies (796ms)
				LogAssemblyErrors (0ms)
				InitializePlatformSupportModulesInManaged (8ms)
				SetLoadedEditorAssemblies (1ms)
				RefreshPlugins (1ms)
				BeforeProcessingInitializeOnLoad (127ms)
				ProcessInitializeOnLoadAttributes (609ms)
				ProcessInitializeOnLoadMethodAttributes (39ms)
				AfterProcessingInitializeOnLoad (10ms)
				EditorAssembliesLoaded (0ms)
			ExecutionOrderSort2 (0ms)
			AwakeInstancesAfterBackupRestoration (10ms)
Platform modules already initialized, skipping
========================================================================
Worker process is ready to serve import requests
Shader 'Shader Forge/TLD_StandardDiffuse': fallback shader '_LongDark/TLD_StandardShared' not found
Shader 'Shader Forge/TLD_StandardDiffuse': fallback shader '_LongDark/TLD_StandardShared' not found
Launched and connected shader compiler UnityShaderCompiler.exe after 0.05 seconds
Refreshing native plugins compatible for Editor in 1.25 ms, found 3 plugins.
Preloading 0 native plugins for Editor in 0.00 ms.
Unloading 3853 Unused Serialized files (Serialized files now loaded: 0)
Unloading 25 unused Assets / (56.5 KB). Loaded Objects now: 4316.
Memory consumption went from 133.6 MB to 133.6 MB.
Total: 7.373500 ms (FindLiveObjects: 0.465300 ms CreateObjectMapping: 0.221900 ms MarkObjects: 6.552400 ms  DeleteObjects: 0.132200 ms)

AssetImportParameters requested are different than current active one (requested -> active):
  custom:video-decoder-ogg-theora: a1e56fd34408186e4bbccfd4996cb3dc -> 
  custom:container-muxer-webm: aa71ff27fc2769a1b78a27578f13a17b -> 
  custom:container-demuxer-webm: 4f35f7cbe854078d1ac9338744f61a02 -> 
  custom:video-encoder-webm-vp8: eb34c28f22e8b96e1ab97ce403110664 -> 
  custom:audio-encoder-webm-vorbis: bf7c407c2cedff20999df2af8eb42d56 -> 
  custom:framework-win-MediaFoundation: 216162199b28c13a410421893ffa2e32 -> 
  custom:container-demuxer-ogg: 62fdf1f143b41e24485cea50d1cbac27 -> 
  custom:video-decoder-webm-vp8: 9c59270c3fd7afecdb556c50c9e8de78 -> 
  custom:audio-decoder-ogg-vorbis: bf7c407c2cedff20999df2af8eb42d56 -> 
========================================================================
Received Import Request.
  Time since last request: 27754.679699 seconds.
  path: Assets/AddressableAssetsData/AssetGroups/SpiceOfLife.asset
  artifactKey: Guid(d8c939c557f84274ea84ebc136ed540a) Importer(815301076,1909f56bfc062723c751e8b465ee728b)
Start importing Assets/AddressableAssetsData/AssetGroups/SpiceOfLife.asset using Guid(d8c939c557f84274ea84ebc136ed540a) Importer(815301076,1909f56bfc062723c751e8b465ee728b)  -> (artifact id: 'ef57f39e234a5da92a4f6d6d447c2f21') in 0.046853 seconds 
========================================================================
Received Import Request.
  Time since last request: 147.573973 seconds.
  path: Assets/VanillaMaterials/OBJ_BrandSodaFridgesB_Mat.mat
  artifactKey: Guid(642d874fe964fa842ad6fc8f1f14423a) Importer(815301076,1909f56bfc062723c751e8b465ee728b)
Start importing Assets/VanillaMaterials/OBJ_BrandSodaFridgesB_Mat.mat using Guid(642d874fe964fa842ad6fc8f1f14423a) Importer(815301076,1909f56bfc062723c751e8b465ee728b)  -> (artifact id: 'b7171aa5b76a29f6b0dc7d88371b110d') in 0.115786 seconds 
========================================================================
Received Import Request.
  Time since last request: 0.000027 seconds.
  path: Assets/VanillaMaterials/OBJ_HouseInteriorLightsD_Mat.mat
  artifactKey: Guid(a15b2cb918d36b2408c51cc77450cfaa) Importer(815301076,1909f56bfc062723c751e8b465ee728b)
Start importing Assets/VanillaMaterials/OBJ_HouseInteriorLightsD_Mat.mat using Guid(a15b2cb918d36b2408c51cc77450cfaa) Importer(815301076,1909f56bfc062723c751e8b465ee728b)  -> (artifact id: '3f42acf4d0362e291b88c96d802ede5d') in 0.012319 seconds 
========================================================================
Received Import Request.
  Time since last request: 0.000020 seconds.
  path: Assets/VanillaMaterials/OBJ_StoreShelves_A02.mat
  artifactKey: Guid(1bbca265d80b9a04882d10873dccf625) Importer(815301076,1909f56bfc062723c751e8b465ee728b)
Start importing Assets/VanillaMaterials/OBJ_StoreShelves_A02.mat using Guid(1bbca265d80b9a04882d10873dccf625) Importer(815301076,1909f56bfc062723c751e8b465ee728b)  -> (artifact id: '2329ff153390ef7d849abb52617dbe03') in 0.010832 seconds 
========================================================================
Received Import Request.
  Time since last request: 0.000022 seconds.
  path: Assets/VanillaMaterials/OBJ_HouseInteriorLights_A01.mat
  artifactKey: Guid(b4f76801f6a33b54196922326462238d) Importer(815301076,1909f56bfc062723c751e8b465ee728b)
Start importing Assets/VanillaMaterials/OBJ_HouseInteriorLights_A01.mat using Guid(b4f76801f6a33b54196922326462238d) Importer(815301076,1909f56bfc062723c751e8b465ee728b)  -> (artifact id: 'b035b848e122a2aac78ca0f35019649c') in 0.011207 seconds 
========================================================================
Received Import Request.
  Time since last request: 0.000023 seconds.
  path: Assets/VanillaMaterials/OBJ_StoreShelves_B.png
  artifactKey: Guid(64815746c67ab8d41b268cf17acb3c71) Importer(815301076,1909f56bfc062723c751e8b465ee728b)
Start importing Assets/VanillaMaterials/OBJ_StoreShelves_B.png using Guid(64815746c67ab8d41b268cf17acb3c71) Importer(815301076,1909f56bfc062723c751e8b465ee728b)  -> (artifact id: '6c7e7191927eedee2250d838eb17d153') in 0.067066 seconds 
========================================================================
Received Import Request.
  Time since last request: 0.000035 seconds.
  path: Assets/VanillaMaterials/OBJ_RugsA_01.mat
  artifactKey: Guid(7208e665cee8ec74ab30ffa1df69f01b) Importer(815301076,1909f56bfc062723c751e8b465ee728b)
Start importing Assets/VanillaMaterials/OBJ_RugsA_01.mat using Guid(7208e665cee8ec74ab30ffa1df69f01b) Importer(815301076,1909f56bfc062723c751e8b465ee728b)  -> (artifact id: 'c09def2ebed21285c6016cb167c2afef') in 0.011444 seconds 
========================================================================
Received Import Request.
  Time since last request: 0.000048 seconds.
  path: Assets/VanillaMaterials/OBJ_StoreShelves_A 1.png
  artifactKey: Guid(7d47b57678cdb5e45b3bbbecf3e3537a) Importer(815301076,1909f56bfc062723c751e8b465ee728b)
Start importing Assets/VanillaMaterials/OBJ_StoreShelves_A 1.png using Guid(7d47b57678cdb5e45b3bbbecf3e3537a) Importer(815301076,1909f56bfc062723c751e8b465ee728b)  -> (artifact id: '584a74695087105bfe16024764ba8fb4') in 0.010404 seconds 
========================================================================
Received Import Request.
  Time since last request: 0.000025 seconds.
  path: Assets/VanillaMaterials/OBJ_RugsPatterned_Mat.mat
  artifactKey: Guid(1f6e8d95fb78efc46b5fdaf74983e49e) Importer(815301076,1909f56bfc062723c751e8b465ee728b)
Start importing Assets/VanillaMaterials/OBJ_RugsPatterned_Mat.mat using Guid(1f6e8d95fb78efc46b5fdaf74983e49e) Importer(815301076,1909f56bfc062723c751e8b465ee728b)  -> (artifact id: '2d86bb0a9e047383e2136daa0627c024') in 0.012451 seconds 
========================================================================
Received Import Request.
  Time since last request: 0.000019 seconds.
  path: Assets/VanillaMaterials/OBJ_StoreShelves_B01.mat
  artifactKey: Guid(b02a694803f50d04fb1390d7f6032fa1) Importer(815301076,1909f56bfc062723c751e8b465ee728b)
Start importing Assets/VanillaMaterials/OBJ_StoreShelves_B01.mat using Guid(b02a694803f50d04fb1390d7f6032fa1) Importer(815301076,1909f56bfc062723c751e8b465ee728b)  -> (artifact id: '0a27b61f1606ccfeb2e6c97270bef20e') in 0.008754 seconds 
========================================================================
Received Import Request.
  Time since last request: 0.000030 seconds.
  path: Assets/VanillaMaterials/OBJ_RugsC_A1.mat
  artifactKey: Guid(feed411498524cf4a9c9b7cf725826b4) Importer(815301076,1909f56bfc062723c751e8b465ee728b)
Start importing Assets/VanillaMaterials/OBJ_RugsC_A1.mat using Guid(feed411498524cf4a9c9b7cf725826b4) Importer(815301076,1909f56bfc062723c751e8b465ee728b)  -> (artifact id: 'b6c9ba20f835d28a1ba8ac609df033d7') in 0.013047 seconds 
========================================================================
Received Import Request.
  Time since last request: 0.000033 seconds.
  path: Assets/VanillaMaterials/OBJ_HouseInteriorLightsB_Mat.mat
  artifactKey: Guid(a767c0dbaa8653844b43e9b77c38425b) Importer(815301076,1909f56bfc062723c751e8b465ee728b)
Start importing Assets/VanillaMaterials/OBJ_HouseInteriorLightsB_Mat.mat using Guid(a767c0dbaa8653844b43e9b77c38425b) Importer(815301076,1909f56bfc062723c751e8b465ee728b)  -> (artifact id: 'f01f4cdba49ea2147fc7624703852c0a') in 0.009800 seconds 
========================================================================
Received Import Request.
  Time since last request: 0.000020 seconds.
  path: Assets/VanillaMaterials/OBJ_StoreShelves_A01.mat
  artifactKey: Guid(1440d13d52fa7c04298528244add1a16) Importer(815301076,1909f56bfc062723c751e8b465ee728b)
Start importing Assets/VanillaMaterials/OBJ_StoreShelves_A01.mat using Guid(1440d13d52fa7c04298528244add1a16) Importer(815301076,1909f56bfc062723c751e8b465ee728b)  -> (artifact id: '36cf41834c6b55c32af0fa6a36e7d76b') in 0.011117 seconds 
========================================================================
Received Import Request.
  Time since last request: 0.000023 seconds.
  path: Assets/VanillaMaterials/OBJ_StoreShelves_A.png
  artifactKey: Guid(9013bee9739c7f5409164ded5c9f8933) Importer(815301076,1909f56bfc062723c751e8b465ee728b)
Start importing Assets/VanillaMaterials/OBJ_StoreShelves_A.png using Guid(9013bee9739c7f5409164ded5c9f8933) Importer(815301076,1909f56bfc062723c751e8b465ee728b)  -> (artifact id: '73e3fd7806eac48fd42abf1c3209bc6a') in 0.009280 seconds 
========================================================================
Received Import Request.
  Time since last request: 14.221818 seconds.
  path: Assets/AddressableAssetsData/DataBuilders/BuildScriptPackedMode.asset
  artifactKey: Guid(b41469729a0435147a6f6a8c36be6c3a) Importer(815301076,1909f56bfc062723c751e8b465ee728b)
Start importing Assets/AddressableAssetsData/DataBuilders/BuildScriptPackedMode.asset using Guid(b41469729a0435147a6f6a8c36be6c3a) Importer(815301076,1909f56bfc062723c751e8b465ee728b)  -> (artifact id: 'fddf020d935663d8c8ea7dcf0eb822e9') in 0.007327 seconds 
========================================================================
Received Import Request.
  Time since last request: 0.000057 seconds.
  path: Assets/AddressableAssetsData/DataBuilders/BuildScriptVirtualMode.asset
  artifactKey: Guid(427e5651dafe11d499d0a5027a1ccc86) Importer(815301076,1909f56bfc062723c751e8b465ee728b)
Start importing Assets/AddressableAssetsData/DataBuilders/BuildScriptVirtualMode.asset using Guid(427e5651dafe11d499d0a5027a1ccc86) Importer(815301076,1909f56bfc062723c751e8b465ee728b)  -> (artifact id: 'e75d6b4c66b5f44153b52a6cd2a51f8c') in 0.003673 seconds 
========================================================================
Received Import Request.
  Time since last request: 0.000030 seconds.
  path: Assets/Shader/FX_ScreenNoiseForMaterial_Dif_soc.png
  artifactKey: Guid(da3be5f196cc2e1448c4e780ba70b8c2) Importer(815301076,1909f56bfc062723c751e8b465ee728b)
Start importing Assets/Shader/FX_ScreenNoiseForMaterial_Dif_soc.png using Guid(da3be5f196cc2e1448c4e780ba70b8c2) Importer(815301076,1909f56bfc062723c751e8b465ee728b)  -> (artifact id: 'ecced86945510f3f24912df368ea07f9') in 0.012963 seconds 
========================================================================
Received Import Request.
  Time since last request: 22.748122 seconds.
  path: Assets/VanillaMaterials/OBJ_HouseInteriorLights_A01.mat
  artifactKey: Guid(b4f76801f6a33b54196922326462238d) Importer(815301076,1909f56bfc062723c751e8b465ee728b)
Start importing Assets/VanillaMaterials/OBJ_HouseInteriorLights_A01.mat using Guid(b4f76801f6a33b54196922326462238d) Importer(815301076,1909f56bfc062723c751e8b465ee728b) Tried select unknown importer for id '-2' '00000000000000000000000000000000'
 -> (artifact id: 'f7113e569a9f96436b9de8e571698d59') in 0.010583 seconds 
========================================================================
Received Import Request.
  Time since last request: 0.000024 seconds.
  path: Assets/VanillaMaterials/OBJ_HouseInteriorLightsD_Mat.mat
  artifactKey: Guid(a15b2cb918d36b2408c51cc77450cfaa) Importer(815301076,1909f56bfc062723c751e8b465ee728b)
Start importing Assets/VanillaMaterials/OBJ_HouseInteriorLightsD_Mat.mat using Guid(a15b2cb918d36b2408c51cc77450cfaa) Importer(815301076,1909f56bfc062723c751e8b465ee728b) Tried select unknown importer for id '-2' '00000000000000000000000000000000'
 -> (artifact id: '1e5cdbf6db065e168fb2c9e9c926ac1e') in 0.012981 seconds 
========================================================================
Received Import Request.
  Time since last request: 0.000033 seconds.
  path: Assets/VanillaMaterials/OBJ_HouseInteriorLightsC_Mat.mat
  artifactKey: Guid(20351338fc82e824684323af1a3525e3) Importer(815301076,1909f56bfc062723c751e8b465ee728b)
Start importing Assets/VanillaMaterials/OBJ_HouseInteriorLightsC_Mat.mat using Guid(20351338fc82e824684323af1a3525e3) Importer(815301076,1909f56bfc062723c751e8b465ee728b) Tried select unknown importer for id '-2' '00000000000000000000000000000000'
 -> (artifact id: 'bd1b563534098a3992d781a6a3cfe965') in 0.010586 seconds 
========================================================================
Received Import Request.
  Time since last request: 0.000039 seconds.
  path: Assets/VanillaMaterials/OBJ_RugsC_A1.mat
  artifactKey: Guid(feed411498524cf4a9c9b7cf725826b4) Importer(815301076,1909f56bfc062723c751e8b465ee728b)
Start importing Assets/VanillaMaterials/OBJ_RugsC_A1.mat using Guid(feed411498524cf4a9c9b7cf725826b4) Importer(815301076,1909f56bfc062723c751e8b465ee728b) Tried select unknown importer for id '-2' '00000000000000000000000000000000'
 -> (artifact id: 'f6e71e951665572e40590a3e47cc5d72') in 0.011632 seconds 
Editor requested this worker to shutdown with reason: Scaling down because of idle timeout
AssetImportWorker is now disconnected from the server
Process exiting
Exiting without the bug reporter. Application will terminate with return code 0