Using pre-set license
Built from '2021.3/evg/staging/82bb020e-b03b1330/draft-0' branch; Version is '2021.3.16f1 (4016570cf34f) revision 4200023'; Using compiler version '192829333'; Build Type 'Release'
OS: 'Windows 10  (10.0.19044) 64bit Professional' Language: 'en' Physical Memory: 32678 MB
BatchMode: 1, IsHumanControllingUs: 0, StartBugReporterOnCrash: 0, Is64bit: 1, IsPro: 1

COMMAND LINE ARGUMENTS:
C:\Program Files\Unity\Hub\Editor\2021.3.16f1\Editor\Unity.exe
-adb2
-batchMode
-noUpm
-name
AssetImportWorker2
-projectPath
C:/REPOS/Spice-Of-Life/Unity/SpiceOfLife
-logFile
Logs/AssetImportWorker2.log
-srvPort
54097
Successfully changed project path to: C:/REPOS/Spice-Of-Life/Unity/SpiceOfLife
C:/REPOS/Spice-Of-Life/Unity/SpiceOfLife
[UnityMemory] Configuration Parameters - Can be set up in boot.config
    "memorysetup-bucket-allocator-granularity=16"
    "memorysetup-bucket-allocator-bucket-count=8"
    "memorysetup-bucket-allocator-block-size=33554432"
    "memorysetup-bucket-allocator-block-count=8"
    "memorysetup-main-allocator-block-size=16777216"
    "memorysetup-thread-allocator-block-size=16777216"
    "memorysetup-gfx-main-allocator-block-size=16777216"
    "memorysetup-gfx-thread-allocator-block-size=16777216"
    "memorysetup-cache-allocator-block-size=4194304"
    "memorysetup-typetree-allocator-block-size=2097152"
    "memorysetup-profiler-bucket-allocator-granularity=16"
    "memorysetup-profiler-bucket-allocator-bucket-count=8"
    "memorysetup-profiler-bucket-allocator-block-size=33554432"
    "memorysetup-profiler-bucket-allocator-block-count=8"
    "memorysetup-profiler-allocator-block-size=16777216"
    "memorysetup-profiler-editor-allocator-block-size=1048576"
    "memorysetup-temp-allocator-size-main=16777216"
    "memorysetup-job-temp-allocator-block-size=2097152"
    "memorysetup-job-temp-allocator-block-size-background=1048576"
    "memorysetup-job-temp-allocator-reduction-small-platforms=262144"
    "memorysetup-temp-allocator-size-background-worker=32768"
    "memorysetup-temp-allocator-size-job-worker=262144"
    "memorysetup-temp-allocator-size-preload-manager=33554432"
    "memorysetup-temp-allocator-size-nav-mesh-worker=65536"
    "memorysetup-temp-allocator-size-audio-worker=65536"
    "memorysetup-temp-allocator-size-cloud-worker=32768"
    "memorysetup-temp-allocator-size-gi-baking-worker=262144"
    "memorysetup-temp-allocator-size-gfx=262144"
Player connection [20300] Host "[IP] 192.168.178.73 [Port] 0 [Flags] 2 [Guid] 2600078427 [EditorId] 2600078427 [Version] 1048832 [Id] WindowsEditor(7,i7) [Debug] 1 [PackageName] WindowsEditor [ProjectName] Editor" joined multi-casting on [225.0.0.222:54997]...

Player connection [20300] Host "[IP] 192.168.178.73 [Port] 0 [Flags] 2 [Guid] 2600078427 [EditorId] 2600078427 [Version] 1048832 [Id] WindowsEditor(7,i7) [Debug] 1 [PackageName] WindowsEditor [ProjectName] Editor" joined alternative multi-casting on [225.0.0.222:34997]...

Refreshing native plugins compatible for Editor in 117.06 ms, found 3 plugins.
Preloading 0 native plugins for Editor in 0.00 ms.
Initialize engine version: 2021.3.16f1 (4016570cf34f)
[Subsystems] Discovering subsystems at path C:/Program Files/Unity/Hub/Editor/2021.3.16f1/Editor/Data/Resources/UnitySubsystems
[Subsystems] Discovering subsystems at path C:/REPOS/Spice-Of-Life/Unity/SpiceOfLife/Assets
GfxDevice: creating device client; threaded=0; jobified=0
Direct3D:
    Version:  Direct3D 11.0 [level 11.1]
    Renderer: NVIDIA GeForce RTX 3060 (ID=0x2504)
    Vendor:   NVIDIA
    VRAM:     12129 MB
    Driver:   31.0.15.3179
Shader 'Shader Forge/TLD_StandardDiffuse': fallback shader '_LongDark/TLD_StandardShared' not found
Shader 'Shader Forge/TLD_StandardComplexProp': fallback shader '_LongDark/TLD_StandardShared' not found
Initialize mono
Mono path[0] = 'C:/Program Files/Unity/Hub/Editor/2021.3.16f1/Editor/Data/Managed'
Mono path[1] = 'C:/Program Files/Unity/Hub/Editor/2021.3.16f1/Editor/Data/MonoBleedingEdge/lib/mono/unityjit-win32'
Mono config path = 'C:/Program Files/Unity/Hub/Editor/2021.3.16f1/Editor/Data/MonoBleedingEdge/etc'
Using monoOptions --debugger-agent=transport=dt_socket,embedding=1,server=y,suspend=n,address=127.0.0.1:56160
Begin MonoManager ReloadAssembly
Registering precompiled unity dll's ...
Register platform support module: C:/Program Files/Unity/Hub/Editor/2021.3.16f1/Editor/Data/PlaybackEngines/WindowsStandaloneSupport/UnityEditor.WindowsStandalone.Extensions.dll
Registered in 0.010961 seconds.
Native extension for WindowsStandalone target not found
Refreshing native plugins compatible for Editor in 107.59 ms, found 3 plugins.
Preloading 0 native plugins for Editor in 0.00 ms.
Mono: successfully reloaded assembly
- Completed reload, in  0.860 seconds
Domain Reload Profiling:
	ReloadAssembly (860ms)
		BeginReloadAssembly (97ms)
			ExecutionOrderSort (0ms)
			DisableScriptedObjects (0ms)
			BackupInstance (0ms)
			ReleaseScriptingObjects (0ms)
			CreateAndSetChildDomain (1ms)
		EndReloadAssembly (605ms)
			LoadAssemblies (94ms)
			RebuildTransferFunctionScriptingTraits (0ms)
			SetupTypeCache (137ms)
			ReleaseScriptCaches (0ms)
			RebuildScriptCaches (42ms)
			SetupLoadedEditorAssemblies (363ms)
				LogAssemblyErrors (0ms)
				InitializePlatformSupportModulesInManaged (10ms)
				SetLoadedEditorAssemblies (0ms)
				RefreshPlugins (108ms)
				BeforeProcessingInitializeOnLoad (2ms)
				ProcessInitializeOnLoadAttributes (183ms)
				ProcessInitializeOnLoadMethodAttributes (61ms)
				AfterProcessingInitializeOnLoad (0ms)
				EditorAssembliesLoaded (0ms)
			ExecutionOrderSort2 (0ms)
			AwakeInstancesAfterBackupRestoration (0ms)
Platform modules already initialized, skipping
Registering precompiled user dll's ...
Registered in 0.006758 seconds.
Begin MonoManager ReloadAssembly
Native extension for WindowsStandalone target not found
Refreshing native plugins compatible for Editor in 0.84 ms, found 3 plugins.
Preloading 0 native plugins for Editor in 0.00 ms.
Mono: successfully reloaded assembly
- Completed reload, in  1.733 seconds
Domain Reload Profiling:
	ReloadAssembly (1734ms)
		BeginReloadAssembly (152ms)
			ExecutionOrderSort (0ms)
			DisableScriptedObjects (9ms)
			BackupInstance (0ms)
			ReleaseScriptingObjects (0ms)
			CreateAndSetChildDomain (25ms)
		EndReloadAssembly (1416ms)
			LoadAssemblies (110ms)
			RebuildTransferFunctionScriptingTraits (0ms)
			SetupTypeCache (390ms)
			ReleaseScriptCaches (1ms)
			RebuildScriptCaches (71ms)
			SetupLoadedEditorAssemblies (795ms)
				LogAssemblyErrors (0ms)
				InitializePlatformSupportModulesInManaged (6ms)
				SetLoadedEditorAssemblies (1ms)
				RefreshPlugins (1ms)
				BeforeProcessingInitializeOnLoad (125ms)
				ProcessInitializeOnLoadAttributes (614ms)
				ProcessInitializeOnLoadMethodAttributes (38ms)
				AfterProcessingInitializeOnLoad (10ms)
				EditorAssembliesLoaded (0ms)
			ExecutionOrderSort2 (0ms)
			AwakeInstancesAfterBackupRestoration (7ms)
Platform modules already initialized, skipping
========================================================================
Worker process is ready to serve import requests
Shader 'Shader Forge/TLD_StandardDiffuse': fallback shader '_LongDark/TLD_StandardShared' not found
Shader 'Shader Forge/TLD_StandardComplexProp': fallback shader '_LongDark/TLD_StandardShared' not found
Launched and connected shader compiler UnityShaderCompiler.exe after 0.07 seconds
Refreshing native plugins compatible for Editor in 1.20 ms, found 3 plugins.
Preloading 0 native plugins for Editor in 0.00 ms.
Unloading 3853 Unused Serialized files (Serialized files now loaded: 0)
Unloading 25 unused Assets / (56.5 KB). Loaded Objects now: 4316.
Memory consumption went from 133.6 MB to 133.6 MB.
Total: 9.746400 ms (FindLiveObjects: 0.629500 ms CreateObjectMapping: 0.249400 ms MarkObjects: 8.277500 ms  DeleteObjects: 0.588200 ms)

AssetImportParameters requested are different than current active one (requested -> active):
  custom:video-decoder-ogg-theora: a1e56fd34408186e4bbccfd4996cb3dc -> 
  custom:container-muxer-webm: aa71ff27fc2769a1b78a27578f13a17b -> 
  custom:container-demuxer-webm: 4f35f7cbe854078d1ac9338744f61a02 -> 
  custom:video-encoder-webm-vp8: eb34c28f22e8b96e1ab97ce403110664 -> 
  custom:audio-encoder-webm-vorbis: bf7c407c2cedff20999df2af8eb42d56 -> 
  custom:framework-win-MediaFoundation: 216162199b28c13a410421893ffa2e32 -> 
  custom:container-demuxer-ogg: 62fdf1f143b41e24485cea50d1cbac27 -> 
  custom:video-decoder-webm-vp8: 9c59270c3fd7afecdb556c50c9e8de78 -> 
  custom:audio-decoder-ogg-vorbis: bf7c407c2cedff20999df2af8eb42d56 -> 
========================================================================
Received Import Request.
  Time since last request: 27463.259551 seconds.
  path: Assets/VanillaMaterials/OBJ_RugsA_01.mat
  artifactKey: Guid(7208e665cee8ec74ab30ffa1df69f01b) Importer(815301076,1909f56bfc062723c751e8b465ee728b)
Start importing Assets/VanillaMaterials/OBJ_RugsA_01.mat using Guid(7208e665cee8ec74ab30ffa1df69f01b) Importer(815301076,1909f56bfc062723c751e8b465ee728b)  -> (artifact id: 'ed76281aef7e5c523c95f1651a84a5cb') in 0.384928 seconds 
========================================================================
Received Import Request.
  Time since last request: 5.733058 seconds.
  path: Assets/VanillaMaterials/Textures/jpg/OBJ_HouseInteriorLights_A01.jpg
  artifactKey: Guid(1f808a99518e4514cb850784f252fec4) Importer(815301076,1909f56bfc062723c751e8b465ee728b)
Start importing Assets/VanillaMaterials/Textures/jpg/OBJ_HouseInteriorLights_A01.jpg using Guid(1f808a99518e4514cb850784f252fec4) Importer(815301076,1909f56bfc062723c751e8b465ee728b)  -> (artifact id: '861fdc5ecdb55d085964212e21893c41') in 0.067098 seconds 
========================================================================
Received Import Request.
  Time since last request: 6.437007 seconds.
  path: Assets/VanillaMaterials/Textures/jpg/OBJ_HouseInteriorLights_A02.jpg
  artifactKey: Guid(ab7e89b29d1f26d4e9db9cc965fd632d) Importer(815301076,1909f56bfc062723c751e8b465ee728b)
Start importing Assets/VanillaMaterials/Textures/jpg/OBJ_HouseInteriorLights_A02.jpg using Guid(ab7e89b29d1f26d4e9db9cc965fd632d) Importer(815301076,1909f56bfc062723c751e8b465ee728b)  -> (artifact id: '12db951c6f0face38ed30ceec308e4fc') in 0.014012 seconds 
========================================================================
Received Import Request.
  Time since last request: 0.353471 seconds.
  path: Assets/VanillaMaterials/Textures/OBJ_HouseInteriorLights_A02.png
  artifactKey: Guid(490e5bd4f8b374940bf400a3a2f38a62) Importer(815301076,1909f56bfc062723c751e8b465ee728b)
Start importing Assets/VanillaMaterials/Textures/OBJ_HouseInteriorLights_A02.png using Guid(490e5bd4f8b374940bf400a3a2f38a62) Importer(815301076,1909f56bfc062723c751e8b465ee728b)  -> (artifact id: '625d7bca7607c757c4306a7ef005a06b') in 0.009662 seconds 
========================================================================
Received Import Request.
  Time since last request: 9.102673 seconds.
  path: Assets/VanillaMaterials/Textures/jpg/OBJ_Rugs_B.jpg
  artifactKey: Guid(a9c3dd35e9fb1584097c211afd557da1) Importer(815301076,1909f56bfc062723c751e8b465ee728b)
Start importing Assets/VanillaMaterials/Textures/jpg/OBJ_Rugs_B.jpg using Guid(a9c3dd35e9fb1584097c211afd557da1) Importer(815301076,1909f56bfc062723c751e8b465ee728b)  -> (artifact id: '49c70297eb6f9f067c696711c5dba233') in 0.009544 seconds 
========================================================================
Received Import Request.
  Time since last request: 6.185585 seconds.
  path: Assets/VanillaMaterials/Shaders
  artifactKey: Guid(26a7116f61bc04b4dba395bf333721ed) Importer(815301076,1909f56bfc062723c751e8b465ee728b)
Start importing Assets/VanillaMaterials/Shaders using Guid(26a7116f61bc04b4dba395bf333721ed) Importer(815301076,1909f56bfc062723c751e8b465ee728b)  -> (artifact id: '969a014b5f031e712f04ca43bf1c326b') in 0.001874 seconds 
========================================================================
Received Import Request.
  Time since last request: 0.555580 seconds.
  path: Assets/VanillaMaterials/Shaders/Shader Forge_TLD_StandardComplexProp.shader
  artifactKey: Guid(723aecffd9bf0074a8bc7bd81b65e6cc) Importer(815301076,1909f56bfc062723c751e8b465ee728b)
Start importing Assets/VanillaMaterials/Shaders/Shader Forge_TLD_StandardComplexProp.shader using Guid(723aecffd9bf0074a8bc7bd81b65e6cc) Importer(815301076,1909f56bfc062723c751e8b465ee728b)  -> (artifact id: '309ad8182339a9e10c1886111deb91b0') in 0.005725 seconds 
========================================================================
Received Import Request.
  Time since last request: 18.229561 seconds.
  path: Assets/VanillaMaterials/Textures
  artifactKey: Guid(c2cb184dc3fcd5f41b199946b6701481) Importer(815301076,1909f56bfc062723c751e8b465ee728b)
Start importing Assets/VanillaMaterials/Textures using Guid(c2cb184dc3fcd5f41b199946b6701481) Importer(815301076,1909f56bfc062723c751e8b465ee728b)  -> (artifact id: '7e18b88566ffff25341af7b35218dd12') in 0.002150 seconds 
========================================================================
Received Import Request.
  Time since last request: 0.052726 seconds.
  path: Assets/VanillaMaterials/Textures/OBJ_HouseInteriorLights_A01.png
  artifactKey: Guid(414aeb47136c5f24d96954f9fc61bf14) Importer(815301076,1909f56bfc062723c751e8b465ee728b)
Start importing Assets/VanillaMaterials/Textures/OBJ_HouseInteriorLights_A01.png using Guid(414aeb47136c5f24d96954f9fc61bf14) Importer(815301076,1909f56bfc062723c751e8b465ee728b)  -> (artifact id: '2fce7d0cb8385d41aaa24038974b1f21') in 0.009725 seconds 
========================================================================
Received Import Request.
  Time since last request: 0.000020 seconds.
  path: Assets/VanillaMaterials/Textures/OBJ_HouseInteriorLights_C01.png
  artifactKey: Guid(d0644d56d70eb9945af38cdafa9756fa) Importer(815301076,1909f56bfc062723c751e8b465ee728b)
Start importing Assets/VanillaMaterials/Textures/OBJ_HouseInteriorLights_C01.png using Guid(d0644d56d70eb9945af38cdafa9756fa) Importer(815301076,1909f56bfc062723c751e8b465ee728b)  -> (artifact id: '557de17bd95ed39b0240e8831a1a1fd9') in 0.010553 seconds 
========================================================================
Received Import Request.
  Time since last request: 0.000024 seconds.
  path: Assets/VanillaMaterials/Textures/OBJ_Rugs_A.png
  artifactKey: Guid(724fc04e04d9e3f48913b20f8594c215) Importer(815301076,1909f56bfc062723c751e8b465ee728b)
Start importing Assets/VanillaMaterials/Textures/OBJ_Rugs_A.png using Guid(724fc04e04d9e3f48913b20f8594c215) Importer(815301076,1909f56bfc062723c751e8b465ee728b)  -> (artifact id: '9040c68e7d131754193197cbc1a7d2ae') in 0.011395 seconds 
========================================================================
Received Import Request.
  Time since last request: 0.000020 seconds.
  path: Assets/VanillaMaterials/Textures/OBJ_HouseInteriorLights_D01.png
  artifactKey: Guid(6e9d6a3a3a457664a95cefde0ba47fc1) Importer(815301076,1909f56bfc062723c751e8b465ee728b)
Start importing Assets/VanillaMaterials/Textures/OBJ_HouseInteriorLights_D01.png using Guid(6e9d6a3a3a457664a95cefde0ba47fc1) Importer(815301076,1909f56bfc062723c751e8b465ee728b)  -> (artifact id: '73bbba7e26737df60d613e58a689a607') in 0.010941 seconds 
========================================================================
Received Import Request.
  Time since last request: 52.963805 seconds.
  path: Assets/VanillaMaterials/OBJ_BrandSodaFridges_A.png
  artifactKey: Guid(eb2d429c9edaf2644a5d5044a767436f) Importer(815301076,1909f56bfc062723c751e8b465ee728b)
Start importing Assets/VanillaMaterials/OBJ_BrandSodaFridges_A.png using Guid(eb2d429c9edaf2644a5d5044a767436f) Importer(815301076,1909f56bfc062723c751e8b465ee728b)  -> (artifact id: '2a0126b3294a299ddcd80e1674ea4389') in 0.012079 seconds 
========================================================================
Received Import Request.
  Time since last request: 25.582713 seconds.
  path: Assets/VanillaMaterials/OBJ_BrandSodaFridges_B.png
  artifactKey: Guid(42e7c5c26bb462646a6df3423ec236a3) Importer(815301076,1909f56bfc062723c751e8b465ee728b)
Start importing Assets/VanillaMaterials/OBJ_BrandSodaFridges_B.png using Guid(42e7c5c26bb462646a6df3423ec236a3) Importer(815301076,1909f56bfc062723c751e8b465ee728b)  -> (artifact id: 'f563aeced8973db8094d173eac3b3d7d') in 0.010699 seconds 
========================================================================
Received Import Request.
  Time since last request: 38.233934 seconds.
  path: Assets/VanillaMaterials/Shaders/Shader Forge_TLD_StandardDiffuse.shader
  artifactKey: Guid(a54f64827a9155e498a5c48e3aa1a55e) Importer(815301076,1909f56bfc062723c751e8b465ee728b)
Start importing Assets/VanillaMaterials/Shaders/Shader Forge_TLD_StandardDiffuse.shader using Guid(a54f64827a9155e498a5c48e3aa1a55e) Importer(815301076,1909f56bfc062723c751e8b465ee728b) Shader 'Shader Forge/TLD_StandardDiffuse': fallback shader '_LongDark/TLD_StandardShared' not found
 -> (artifact id: '688ef177f122f17d4a706124476ea006') in 0.005467 seconds 
========================================================================
Received Import Request.
  Time since last request: 45.387930 seconds.
  path: Assets/VanillaMaterials/Textures/jpg
  artifactKey: Guid(9d6b15596880d9b438851eb56178fabe) Importer(815301076,1909f56bfc062723c751e8b465ee728b)
Start importing Assets/VanillaMaterials/Textures/jpg using Guid(9d6b15596880d9b438851eb56178fabe) Importer(815301076,1909f56bfc062723c751e8b465ee728b)  -> (artifact id: 'c661cbb5ea35aab6490fc16c2f17f953') in 0.002128 seconds 
========================================================================
Received Import Request.
  Time since last request: 0.038564 seconds.
  path: Assets/VanillaMaterials/Textures/jpg/FX_ScreenNoiseForMaterial_Dif.jpg
  artifactKey: Guid(d7bddcaaab7503f4cb19c2f87bb36aa6) Importer(815301076,1909f56bfc062723c751e8b465ee728b)
Start importing Assets/VanillaMaterials/Textures/jpg/FX_ScreenNoiseForMaterial_Dif.jpg using Guid(d7bddcaaab7503f4cb19c2f87bb36aa6) Importer(815301076,1909f56bfc062723c751e8b465ee728b)  -> (artifact id: '6d49b9117d0fdb2f524e35bd35de1c1e') in 0.013171 seconds 
========================================================================
Received Import Request.
  Time since last request: 0.000032 seconds.
  path: Assets/VanillaMaterials/Textures/jpg/OBJ_HouseInteriorLights_C01.jpg
  artifactKey: Guid(28f5f172b488e67468d8504206c02b01) Importer(815301076,1909f56bfc062723c751e8b465ee728b)
Start importing Assets/VanillaMaterials/Textures/jpg/OBJ_HouseInteriorLights_C01.jpg using Guid(28f5f172b488e67468d8504206c02b01) Importer(815301076,1909f56bfc062723c751e8b465ee728b)  -> (artifact id: '0522fd4741fd972eede323410c0cfe99') in 0.008946 seconds 
========================================================================
Received Import Request.
  Time since last request: 0.000062 seconds.
  path: Assets/VanillaMaterials/Textures/jpg/OBJ_HouseInteriorLights_B_Ilum.jpg
  artifactKey: Guid(645f82628af9dd347955a27f056b07ad) Importer(815301076,1909f56bfc062723c751e8b465ee728b)
Start importing Assets/VanillaMaterials/Textures/jpg/OBJ_HouseInteriorLights_B_Ilum.jpg using Guid(645f82628af9dd347955a27f056b07ad) Importer(815301076,1909f56bfc062723c751e8b465ee728b)  -> (artifact id: '7b73ed89ff95454e95fd8b3f4d2f5097') in 0.008425 seconds 
========================================================================
Received Import Request.
  Time since last request: 0.000029 seconds.
  path: Assets/VanillaMaterials/Textures/jpg/OBJ_Rugs_A.jpg
  artifactKey: Guid(c5f984af96b284c4daa07869f86f2734) Importer(815301076,1909f56bfc062723c751e8b465ee728b)
Start importing Assets/VanillaMaterials/Textures/jpg/OBJ_Rugs_A.jpg using Guid(c5f984af96b284c4daa07869f86f2734) Importer(815301076,1909f56bfc062723c751e8b465ee728b)  -> (artifact id: 'c145c7f93d7d204fc780f62666603c07') in 0.012149 seconds 
========================================================================
Received Import Request.
  Time since last request: 0.000021 seconds.
  path: Assets/VanillaMaterials/Textures/jpg/OBJ_HouseInteriorLights_A_Ilum.jpg
  artifactKey: Guid(524608eb0519fc248ba25932ab3644c0) Importer(815301076,1909f56bfc062723c751e8b465ee728b)
Start importing Assets/VanillaMaterials/Textures/jpg/OBJ_HouseInteriorLights_A_Ilum.jpg using Guid(524608eb0519fc248ba25932ab3644c0) Importer(815301076,1909f56bfc062723c751e8b465ee728b)  -> (artifact id: '1c89b17f5e685060a9ac92646a671822') in 0.007167 seconds 
========================================================================
Received Import Request.
  Time since last request: 16.269830 seconds.
  path: Assets/VanillaMaterials/Textures/jpg/OBJ_BrandSodaFridges_B.jpg
  artifactKey: Guid(5e336d98d5c653744996f6dba791ae80) Importer(815301076,1909f56bfc062723c751e8b465ee728b)
Start importing Assets/VanillaMaterials/Textures/jpg/OBJ_BrandSodaFridges_B.jpg using Guid(5e336d98d5c653744996f6dba791ae80) Importer(815301076,1909f56bfc062723c751e8b465ee728b)  -> (artifact id: '8efe7f5865ea7b99394bc65a7d8d5eb0') in 0.010748 seconds 
========================================================================
Received Import Request.
  Time since last request: 65.496226 seconds.
  path: Assets/AddressableAssetsData/AssetGroups/Built In Data.asset
  artifactKey: Guid(0dbec5b4ffd54bc4eac8e0803dc5c01f) Importer(815301076,1909f56bfc062723c751e8b465ee728b)
Start importing Assets/AddressableAssetsData/AssetGroups/Built In Data.asset using Guid(0dbec5b4ffd54bc4eac8e0803dc5c01f) Importer(815301076,1909f56bfc062723c751e8b465ee728b)  -> (artifact id: '58d2f373a6f2f0f02fb32daa87e8b97e') in 0.004729 seconds 
========================================================================
Received Import Request.
  Time since last request: 8.448469 seconds.
  path: Assets/AddressableAssetsData/AssetGroups/SpiceOfLife.asset
  artifactKey: Guid(d8c939c557f84274ea84ebc136ed540a) Importer(815301076,1909f56bfc062723c751e8b465ee728b)
Start importing Assets/AddressableAssetsData/AssetGroups/SpiceOfLife.asset using Guid(d8c939c557f84274ea84ebc136ed540a) Importer(815301076,1909f56bfc062723c751e8b465ee728b)  -> (artifact id: 'b502edec63925a3cf909e46c57d966f9') in 0.002918 seconds 
========================================================================
Received Import Request.
  Time since last request: 139.159942 seconds.
  path: Assets/VanillaMaterials/OBJ_BrandSodaFridges_A01.mat
  artifactKey: Guid(99b24a02d9274694bbc75dc7522e692c) Importer(815301076,1909f56bfc062723c751e8b465ee728b)
Start importing Assets/VanillaMaterials/OBJ_BrandSodaFridges_A01.mat using Guid(99b24a02d9274694bbc75dc7522e692c) Importer(815301076,1909f56bfc062723c751e8b465ee728b) Shader 'Shader Forge/TLD_StandardDiffuse': fallback shader '_LongDark/TLD_StandardShared' not found
 -> (artifact id: '04da4c9f1463cea826ad2a7ad411d3e9') in 0.247159 seconds 
========================================================================
Received Import Request.
  Time since last request: 0.000030 seconds.
  path: Assets/VanillaMaterials/OBJ_HouseInteriorLightsC_Mat.mat
  artifactKey: Guid(20351338fc82e824684323af1a3525e3) Importer(815301076,1909f56bfc062723c751e8b465ee728b)
Start importing Assets/VanillaMaterials/OBJ_HouseInteriorLightsC_Mat.mat using Guid(20351338fc82e824684323af1a3525e3) Importer(815301076,1909f56bfc062723c751e8b465ee728b) Shader 'Shader Forge/TLD_StandardDiffuse': fallback shader '_LongDark/TLD_StandardShared' not found
 -> (artifact id: 'a29bcf214a83a42de1f340b8633f5e49') in 0.160450 seconds 
========================================================================
Received Import Request.
  Time since last request: 14.193201 seconds.
  path: Assets/AddressableAssetsData/DataBuilders/BuildScriptFastMode.asset
  artifactKey: Guid(305ecf64059d60c4aa0b0bf8f0c88634) Importer(815301076,1909f56bfc062723c751e8b465ee728b)
Start importing Assets/AddressableAssetsData/DataBuilders/BuildScriptFastMode.asset using Guid(305ecf64059d60c4aa0b0bf8f0c88634) Importer(815301076,1909f56bfc062723c751e8b465ee728b)  -> (artifact id: '8c72066f8c287400a9c58f0f29263ac1') in 0.006539 seconds 
========================================================================
Received Import Request.
  Time since last request: 0.000050 seconds.
  path: Assets/AddressableAssetsData/DataBuilders/BuildScriptPackedPlayMode.asset
  artifactKey: Guid(ffac584edda73c84ea5bef6f59d163aa) Importer(815301076,1909f56bfc062723c751e8b465ee728b)
Start importing Assets/AddressableAssetsData/DataBuilders/BuildScriptPackedPlayMode.asset using Guid(ffac584edda73c84ea5bef6f59d163aa) Importer(815301076,1909f56bfc062723c751e8b465ee728b)  -> (artifact id: '0abeb7f637431675de2faa7959f4c81f') in 0.003768 seconds 
========================================================================
Received Import Request.
  Time since last request: 0.000028 seconds.
  path: Assets/AddressableAssetsData/DefaultObject.asset
  artifactKey: Guid(1f1cd27439954254f97396c2275011c2) Importer(815301076,1909f56bfc062723c751e8b465ee728b)
Start importing Assets/AddressableAssetsData/DefaultObject.asset using Guid(1f1cd27439954254f97396c2275011c2) Importer(815301076,1909f56bfc062723c751e8b465ee728b)  -> (artifact id: 'b1212e1c9be27bad1fd26b6eaefd614e') in 0.004128 seconds 
========================================================================
Received Import Request.
  Time since last request: 0.000038 seconds.
  path: Assets/AddressableAssetsData/AssetGroups/Schemas/Built In Data_PlayerDataGroupSchema.asset
  artifactKey: Guid(421dc0e1c4065e54e8d74ce9cc55727f) Importer(815301076,1909f56bfc062723c751e8b465ee728b)
Start importing Assets/AddressableAssetsData/AssetGroups/Schemas/Built In Data_PlayerDataGroupSchema.asset using Guid(421dc0e1c4065e54e8d74ce9cc55727f) Importer(815301076,1909f56bfc062723c751e8b465ee728b)  -> (artifact id: '7f0e0f1f200196b7a74102a9889445b6') in 0.003671 seconds 
========================================================================
Received Import Request.
  Time since last request: 22.746682 seconds.
  path: Assets/VanillaMaterials/OBJ_BrandSodaFridgesB_Mat.mat
  artifactKey: Guid(642d874fe964fa842ad6fc8f1f14423a) Importer(815301076,1909f56bfc062723c751e8b465ee728b)
Start importing Assets/VanillaMaterials/OBJ_BrandSodaFridgesB_Mat.mat using Guid(642d874fe964fa842ad6fc8f1f14423a) Importer(815301076,1909f56bfc062723c751e8b465ee728b)  -> (artifact id: '3d8908812b41540c73e356e60601f829') in 0.012123 seconds 
========================================================================
Received Import Request.
  Time since last request: 0.000022 seconds.
  path: Assets/VanillaMaterials/OBJ_RugsA_01.mat
  artifactKey: Guid(7208e665cee8ec74ab30ffa1df69f01b) Importer(815301076,1909f56bfc062723c751e8b465ee728b)
Start importing Assets/VanillaMaterials/OBJ_RugsA_01.mat using Guid(7208e665cee8ec74ab30ffa1df69f01b) Importer(815301076,1909f56bfc062723c751e8b465ee728b)  -> (artifact id: 'df094308c86b0ebe542706d706b6149a') in 0.013544 seconds 
========================================================================
Received Import Request.
  Time since last request: 0.000036 seconds.
  path: Assets/VanillaMaterials/OBJ_RugsPatterned_Mat.mat
  artifactKey: Guid(1f6e8d95fb78efc46b5fdaf74983e49e) Importer(815301076,1909f56bfc062723c751e8b465ee728b)
Start importing Assets/VanillaMaterials/OBJ_RugsPatterned_Mat.mat using Guid(1f6e8d95fb78efc46b5fdaf74983e49e) Importer(815301076,1909f56bfc062723c751e8b465ee728b)  -> (artifact id: 'd87f476324fce7c7b0c7ed2fde6846ca') in 0.011680 seconds 
========================================================================
Received Import Request.
  Time since last request: 0.000045 seconds.
  path: Assets/VanillaMaterials/OBJ_HouseInteriorLightsB_Mat.mat
  artifactKey: Guid(a767c0dbaa8653844b43e9b77c38425b) Importer(815301076,1909f56bfc062723c751e8b465ee728b)
Start importing Assets/VanillaMaterials/OBJ_HouseInteriorLightsB_Mat.mat using Guid(a767c0dbaa8653844b43e9b77c38425b) Importer(815301076,1909f56bfc062723c751e8b465ee728b)  -> (artifact id: '8d416ef388bcff877efbfed4079b569f') in 0.011168 seconds 
========================================================================
Received Import Request.
  Time since last request: 74.425990 seconds.
  path: Assets/VanillaMaterials/Textures/jpg/OBJ_StoreShelves_B.jpg
  artifactKey: Guid(2ab47376c01ae6c4f989bd67bf2bf652) Importer(815301076,1909f56bfc062723c751e8b465ee728b)
Start importing Assets/VanillaMaterials/Textures/jpg/OBJ_StoreShelves_B.jpg using Guid(2ab47376c01ae6c4f989bd67bf2bf652) Importer(815301076,1909f56bfc062723c751e8b465ee728b)  -> (artifact id: 'a90687b70b38c8c632bd601de0381c3e') in 0.017028 seconds 
========================================================================
Received Import Request.
  Time since last request: 74.394429 seconds.
  path: Assets/VanillaMaterials/OBJ_HouseInteriorLightsB_Mat.mat
  artifactKey: Guid(a767c0dbaa8653844b43e9b77c38425b) Importer(815301076,1909f56bfc062723c751e8b465ee728b)
Start importing Assets/VanillaMaterials/OBJ_HouseInteriorLightsB_Mat.mat using Guid(a767c0dbaa8653844b43e9b77c38425b) Importer(815301076,1909f56bfc062723c751e8b465ee728b)  -> (artifact id: 'c7111846ac32fd35c45c680e682d77ce') in 0.208935 seconds 
========================================================================
Received Import Request.
  Time since last request: 0.000030 seconds.
  path: Assets/VanillaMaterials/OBJ_StoreShelves_A02.mat
  artifactKey: Guid(1bbca265d80b9a04882d10873dccf625) Importer(815301076,1909f56bfc062723c751e8b465ee728b)
Start importing Assets/VanillaMaterials/OBJ_StoreShelves_A02.mat using Guid(1bbca265d80b9a04882d10873dccf625) Importer(815301076,1909f56bfc062723c751e8b465ee728b)  -> (artifact id: '3478ad059684cc780cf7c0074c514620') in 0.012232 seconds 
========================================================================
Received Import Request.
  Time since last request: 0.000034 seconds.
  path: Assets/VanillaMaterials/OBJ_RugsPatterned_Mat.mat
  artifactKey: Guid(1f6e8d95fb78efc46b5fdaf74983e49e) Importer(815301076,1909f56bfc062723c751e8b465ee728b)
Start importing Assets/VanillaMaterials/OBJ_RugsPatterned_Mat.mat using Guid(1f6e8d95fb78efc46b5fdaf74983e49e) Importer(815301076,1909f56bfc062723c751e8b465ee728b)  -> (artifact id: 'fba732f130c8b7ed2915ecb9115a5447') in 0.012308 seconds 
========================================================================
Received Import Request.
  Time since last request: 0.000026 seconds.
  path: Assets/VanillaMaterials/OBJ_StoreShelves_A01.mat
  artifactKey: Guid(1440d13d52fa7c04298528244add1a16) Importer(815301076,1909f56bfc062723c751e8b465ee728b)
Start importing Assets/VanillaMaterials/OBJ_StoreShelves_A01.mat using Guid(1440d13d52fa7c04298528244add1a16) Importer(815301076,1909f56bfc062723c751e8b465ee728b)  -> (artifact id: 'b9778c4c4d42809fc709c26210930daf') in 0.009759 seconds 
========================================================================
Received Import Request.
  Time since last request: 22.504861 seconds.
  path: Assets/VanillaMaterials/OBJ_HouseInteriorLights_A01.mat
  artifactKey: Guid(b4f76801f6a33b54196922326462238d) Importer(815301076,1909f56bfc062723c751e8b465ee728b)
Start importing Assets/VanillaMaterials/OBJ_HouseInteriorLights_A01.mat using Guid(b4f76801f6a33b54196922326462238d) Importer(815301076,1909f56bfc062723c751e8b465ee728b)  -> (artifact id: '978b34ce2644efedd5d2ad26f346b5b1') in 0.012619 seconds 
========================================================================
Received Import Request.
  Time since last request: 0.000030 seconds.
  path: Assets/VanillaMaterials/OBJ_HouseInteriorLightsD_Mat.mat
  artifactKey: Guid(a15b2cb918d36b2408c51cc77450cfaa) Importer(815301076,1909f56bfc062723c751e8b465ee728b)
Start importing Assets/VanillaMaterials/OBJ_HouseInteriorLightsD_Mat.mat using Guid(a15b2cb918d36b2408c51cc77450cfaa) Importer(815301076,1909f56bfc062723c751e8b465ee728b)  -> (artifact id: '0d911c5e2b37449b25627c4ba94d736d') in 0.010821 seconds 
========================================================================
Received Import Request.
  Time since last request: 0.000027 seconds.
  path: Assets/VanillaMaterials/OBJ_RugsC_A1.mat
  artifactKey: Guid(feed411498524cf4a9c9b7cf725826b4) Importer(815301076,1909f56bfc062723c751e8b465ee728b)
Start importing Assets/VanillaMaterials/OBJ_RugsC_A1.mat using Guid(feed411498524cf4a9c9b7cf725826b4) Importer(815301076,1909f56bfc062723c751e8b465ee728b)  -> (artifact id: '52a14601d17527633ee1a30f04384b16') in 0.012108 seconds 
Editor requested this worker to shutdown with reason: Scaling down because of idle timeout
AssetImportWorker is now disconnected from the server
Process exiting
Exiting without the bug reporter. Application will terminate with return code 0