Using pre-set license
Built from '2021.3/evg/staging/82bb020e-b03b1330/draft-0' branch; Version is '2021.3.16f1 (4016570cf34f) revision 4200023'; Using compiler version '192829333'; Build Type 'Release'
OS: 'Windows 10  (10.0.19044) 64bit Professional' Language: 'en' Physical Memory: 32678 MB
BatchMode: 1, IsHumanControllingUs: 0, StartBugReporterOnCrash: 0, Is64bit: 1, IsPro: 1

COMMAND LINE ARGUMENTS:
C:\Program Files\Unity\Hub\Editor\2021.3.16f1\Editor\Unity.exe
-adb2
-batchMode
-noUpm
-name
AssetImportWorker0
-projectPath
C:/REPOS/Spice-Of-Life/Unity/SpiceOfLife
-logFile
Logs/AssetImportWorker0.log
-srvPort
52066
Successfully changed project path to: C:/REPOS/Spice-Of-Life/Unity/SpiceOfLife
C:/REPOS/Spice-Of-Life/Unity/SpiceOfLife
[UnityMemory] Configuration Parameters - Can be set up in boot.config
    "memorysetup-bucket-allocator-granularity=16"
    "memorysetup-bucket-allocator-bucket-count=8"
    "memorysetup-bucket-allocator-block-size=33554432"
    "memorysetup-bucket-allocator-block-count=8"
    "memorysetup-main-allocator-block-size=16777216"
    "memorysetup-thread-allocator-block-size=16777216"
    "memorysetup-gfx-main-allocator-block-size=16777216"
    "memorysetup-gfx-thread-allocator-block-size=16777216"
    "memorysetup-cache-allocator-block-size=4194304"
    "memorysetup-typetree-allocator-block-size=2097152"
    "memorysetup-profiler-bucket-allocator-granularity=16"
    "memorysetup-profiler-bucket-allocator-bucket-count=8"
    "memorysetup-profiler-bucket-allocator-block-size=33554432"
    "memorysetup-profiler-bucket-allocator-block-count=8"
    "memorysetup-profiler-allocator-block-size=16777216"
    "memorysetup-profiler-editor-allocator-block-size=1048576"
    "memorysetup-temp-allocator-size-main=16777216"
    "memorysetup-job-temp-allocator-block-size=2097152"
    "memorysetup-job-temp-allocator-block-size-background=1048576"
    "memorysetup-job-temp-allocator-reduction-small-platforms=262144"
    "memorysetup-temp-allocator-size-background-worker=32768"
    "memorysetup-temp-allocator-size-job-worker=262144"
    "memorysetup-temp-allocator-size-preload-manager=33554432"
    "memorysetup-temp-allocator-size-nav-mesh-worker=65536"
    "memorysetup-temp-allocator-size-audio-worker=65536"
    "memorysetup-temp-allocator-size-cloud-worker=32768"
    "memorysetup-temp-allocator-size-gi-baking-worker=262144"
    "memorysetup-temp-allocator-size-gfx=262144"
Player connection [612] Host "[IP] 192.168.178.73 [Port] 0 [Flags] 2 [Guid] 2448322431 [EditorId] 2448322431 [Version] 1048832 [Id] WindowsEditor(7,i7) [Debug] 1 [PackageName] WindowsEditor [ProjectName] Editor" joined multi-casting on [225.0.0.222:54997]...

Player connection [612] Host "[IP] 192.168.178.73 [Port] 0 [Flags] 2 [Guid] 2448322431 [EditorId] 2448322431 [Version] 1048832 [Id] WindowsEditor(7,i7) [Debug] 1 [PackageName] WindowsEditor [ProjectName] Editor" joined alternative multi-casting on [225.0.0.222:34997]...

Refreshing native plugins compatible for Editor in 98.77 ms, found 3 plugins.
Preloading 0 native plugins for Editor in 0.00 ms.
Initialize engine version: 2021.3.16f1 (4016570cf34f)
[Subsystems] Discovering subsystems at path C:/Program Files/Unity/Hub/Editor/2021.3.16f1/Editor/Data/Resources/UnitySubsystems
[Subsystems] Discovering subsystems at path C:/REPOS/Spice-Of-Life/Unity/SpiceOfLife/Assets
GfxDevice: creating device client; threaded=0; jobified=0
Direct3D:
    Version:  Direct3D 11.0 [level 11.1]
    Renderer: NVIDIA GeForce RTX 3060 (ID=0x2504)
    Vendor:   NVIDIA
    VRAM:     12129 MB
    Driver:   31.0.15.3179
Shader 'Shader Forge/TLD_StandardDiffuse': fallback shader '_LongDark/TLD_StandardShared' not found
Initialize mono
Mono path[0] = 'C:/Program Files/Unity/Hub/Editor/2021.3.16f1/Editor/Data/Managed'
Mono path[1] = 'C:/Program Files/Unity/Hub/Editor/2021.3.16f1/Editor/Data/MonoBleedingEdge/lib/mono/unityjit-win32'
Mono config path = 'C:/Program Files/Unity/Hub/Editor/2021.3.16f1/Editor/Data/MonoBleedingEdge/etc'
Using monoOptions --debugger-agent=transport=dt_socket,embedding=1,server=y,suspend=n,address=127.0.0.1:56044
Begin MonoManager ReloadAssembly
Registering precompiled unity dll's ...
Register platform support module: C:/Program Files/Unity/Hub/Editor/2021.3.16f1/Editor/Data/PlaybackEngines/WindowsStandaloneSupport/UnityEditor.WindowsStandalone.Extensions.dll
Registered in 0.007931 seconds.
Native extension for WindowsStandalone target not found
Refreshing native plugins compatible for Editor in 100.44 ms, found 3 plugins.
Preloading 0 native plugins for Editor in 0.00 ms.
Mono: successfully reloaded assembly
- Completed reload, in  0.824 seconds
Domain Reload Profiling:
	ReloadAssembly (825ms)
		BeginReloadAssembly (94ms)
			ExecutionOrderSort (0ms)
			DisableScriptedObjects (0ms)
			BackupInstance (0ms)
			ReleaseScriptingObjects (0ms)
			CreateAndSetChildDomain (1ms)
		EndReloadAssembly (587ms)
			LoadAssemblies (92ms)
			RebuildTransferFunctionScriptingTraits (0ms)
			SetupTypeCache (128ms)
			ReleaseScriptCaches (0ms)
			RebuildScriptCaches (33ms)
			SetupLoadedEditorAssemblies (363ms)
				LogAssemblyErrors (0ms)
				InitializePlatformSupportModulesInManaged (11ms)
				SetLoadedEditorAssemblies (0ms)
				RefreshPlugins (101ms)
				BeforeProcessingInitializeOnLoad (2ms)
				ProcessInitializeOnLoadAttributes (187ms)
				ProcessInitializeOnLoadMethodAttributes (63ms)
				AfterProcessingInitializeOnLoad (0ms)
				EditorAssembliesLoaded (0ms)
			ExecutionOrderSort2 (0ms)
			AwakeInstancesAfterBackupRestoration (0ms)
Platform modules already initialized, skipping
Registering precompiled user dll's ...
Registered in 0.006814 seconds.
Begin MonoManager ReloadAssembly
Symbol file LoadedFromMemory doesn't match image C:\REPOS\Spice-Of-Life\Unity\SpiceOfLife\Library\PackageCache\com.unity.visualscripting@1.7.8\Editor\VisualScripting.Core\Dependencies\YamlDotNet\Unity.VisualScripting.YamlDotNet.dll
Symbol file LoadedFromMemory doesn't match image C:\REPOS\Spice-Of-Life\Unity\SpiceOfLife\Library\PackageCache\com.unity.visualscripting@1.7.8\Editor\VisualScripting.Core\Dependencies\DotNetZip\Unity.VisualScripting.IonicZip.dll
Native extension for WindowsStandalone target not found
Refreshing native plugins compatible for Editor in 1.14 ms, found 3 plugins.
Preloading 0 native plugins for Editor in 0.00 ms.
Mono: successfully reloaded assembly
- Completed reload, in  1.643 seconds
Domain Reload Profiling:
	ReloadAssembly (1644ms)
		BeginReloadAssembly (134ms)
			ExecutionOrderSort (0ms)
			DisableScriptedObjects (8ms)
			BackupInstance (0ms)
			ReleaseScriptingObjects (0ms)
			CreateAndSetChildDomain (22ms)
		EndReloadAssembly (1362ms)
			LoadAssemblies (96ms)
			RebuildTransferFunctionScriptingTraits (0ms)
			SetupTypeCache (369ms)
			ReleaseScriptCaches (1ms)
			RebuildScriptCaches (66ms)
			SetupLoadedEditorAssemblies (778ms)
				LogAssemblyErrors (0ms)
				InitializePlatformSupportModulesInManaged (9ms)
				SetLoadedEditorAssemblies (1ms)
				RefreshPlugins (1ms)
				BeforeProcessingInitializeOnLoad (113ms)
				ProcessInitializeOnLoadAttributes (613ms)
				ProcessInitializeOnLoadMethodAttributes (32ms)
				AfterProcessingInitializeOnLoad (9ms)
				EditorAssembliesLoaded (0ms)
			ExecutionOrderSort2 (0ms)
			AwakeInstancesAfterBackupRestoration (7ms)
Platform modules already initialized, skipping
========================================================================
Worker process is ready to serve import requests
Shader 'Shader Forge/TLD_StandardDiffuse': fallback shader '_LongDark/TLD_StandardShared' not found
Launched and connected shader compiler UnityShaderCompiler.exe after 0.05 seconds
Refreshing native plugins compatible for Editor in 0.62 ms, found 3 plugins.
Preloading 0 native plugins for Editor in 0.00 ms.
Unloading 3852 Unused Serialized files (Serialized files now loaded: 0)
Unloading 25 unused Assets / (56.0 KB). Loaded Objects now: 4315.
Memory consumption went from 133.3 MB to 133.2 MB.
Total: 6.879300 ms (FindLiveObjects: 0.478000 ms CreateObjectMapping: 0.216200 ms MarkObjects: 6.040900 ms  DeleteObjects: 0.143000 ms)

AssetImportParameters requested are different than current active one (requested -> active):
  custom:video-decoder-ogg-theora: a1e56fd34408186e4bbccfd4996cb3dc -> 
  custom:container-muxer-webm: aa71ff27fc2769a1b78a27578f13a17b -> 
  custom:container-demuxer-webm: 4f35f7cbe854078d1ac9338744f61a02 -> 
  custom:video-encoder-webm-vp8: eb34c28f22e8b96e1ab97ce403110664 -> 
  custom:audio-encoder-webm-vorbis: bf7c407c2cedff20999df2af8eb42d56 -> 
  custom:framework-win-MediaFoundation: 216162199b28c13a410421893ffa2e32 -> 
  custom:container-demuxer-ogg: 62fdf1f143b41e24485cea50d1cbac27 -> 
  custom:video-decoder-webm-vp8: 9c59270c3fd7afecdb556c50c9e8de78 -> 
  custom:audio-decoder-ogg-vorbis: bf7c407c2cedff20999df2af8eb42d56 -> 
========================================================================
Received Import Request.
  Time since last request: 6766.672306 seconds.
  path: Assets/VanillaMaterials/Textures/jpg/OBJ_CarTruck_C.jpg
  artifactKey: Guid(1cd8120ee4b85d940a41474cb3db441a) Importer(815301076,1909f56bfc062723c751e8b465ee728b)
Start importing Assets/VanillaMaterials/Textures/jpg/OBJ_CarTruck_C.jpg using Guid(1cd8120ee4b85d940a41474cb3db441a) Importer(815301076,1909f56bfc062723c751e8b465ee728b)  -> (artifact id: 'a26b5bec057938bd5503a02d405e2798') in 0.159262 seconds 
========================================================================
Received Import Request.
  Time since last request: 0.000018 seconds.
  path: Assets/VanillaMaterials/Textures/FX_ScreenNoiseForMaterial_Dif.png
  artifactKey: Guid(44a05e7b65a1e7345905cc5430946b11) Importer(815301076,1909f56bfc062723c751e8b465ee728b)
Start importing Assets/VanillaMaterials/Textures/FX_ScreenNoiseForMaterial_Dif.png using Guid(44a05e7b65a1e7345905cc5430946b11) Importer(815301076,1909f56bfc062723c751e8b465ee728b)  -> (artifact id: '4db30cd1b1c616de8fe5b6b0a8b1411b') in 0.013244 seconds 
========================================================================
Received Import Request.
  Time since last request: 0.000026 seconds.
  path: Assets/VanillaMaterials/Textures/jpg/OBJ_CarTruck_B.jpg
  artifactKey: Guid(621eeab13bd3ed745845a89a590bf520) Importer(815301076,1909f56bfc062723c751e8b465ee728b)
Start importing Assets/VanillaMaterials/Textures/jpg/OBJ_CarTruck_B.jpg using Guid(621eeab13bd3ed745845a89a590bf520) Importer(815301076,1909f56bfc062723c751e8b465ee728b)  -> (artifact id: 'e7334055fe29867c0edbfc389ec4fb08') in 0.008118 seconds 
========================================================================
Received Import Request.
  Time since last request: 0.000021 seconds.
  path: Assets/VanillaMaterials/Textures/jpg/OBJ_HouseInteriorLights_A01.jpg
  artifactKey: Guid(1f808a99518e4514cb850784f252fec4) Importer(815301076,1909f56bfc062723c751e8b465ee728b)
Start importing Assets/VanillaMaterials/Textures/jpg/OBJ_HouseInteriorLights_A01.jpg using Guid(1f808a99518e4514cb850784f252fec4) Importer(815301076,1909f56bfc062723c751e8b465ee728b)  -> (artifact id: '03a81d597184aa972b89ebb217c0f5a4') in 0.010689 seconds 
========================================================================
Received Import Request.
  Time since last request: 0.000022 seconds.
  path: Assets/VanillaMaterials/Textures/jpg/OBJ_HouseInteriorLights_C01.jpg
  artifactKey: Guid(28f5f172b488e67468d8504206c02b01) Importer(815301076,1909f56bfc062723c751e8b465ee728b)
Start importing Assets/VanillaMaterials/Textures/jpg/OBJ_HouseInteriorLights_C01.jpg using Guid(28f5f172b488e67468d8504206c02b01) Importer(815301076,1909f56bfc062723c751e8b465ee728b)  -> (artifact id: 'dfb02c4959450c8a1df48cbc5eb2803e') in 0.012291 seconds 
========================================================================
Received Import Request.
  Time since last request: 0.000030 seconds.
  path: Assets/VanillaMaterials/Textures/jpg/OBJ_HouseInteriorLights_A02.jpg
  artifactKey: Guid(ab7e89b29d1f26d4e9db9cc965fd632d) Importer(815301076,1909f56bfc062723c751e8b465ee728b)
Start importing Assets/VanillaMaterials/Textures/jpg/OBJ_HouseInteriorLights_A02.jpg using Guid(ab7e89b29d1f26d4e9db9cc965fd632d) Importer(815301076,1909f56bfc062723c751e8b465ee728b)  -> (artifact id: '5facedc41a5da799c695332d8a18f78e') in 0.010617 seconds 
========================================================================
Received Import Request.
  Time since last request: 0.000021 seconds.
  path: Assets/VanillaMaterials/Textures/jpg/OBJ_HouseInteriorLights_B_Ilum.jpg
  artifactKey: Guid(645f82628af9dd347955a27f056b07ad) Importer(815301076,1909f56bfc062723c751e8b465ee728b)
Start importing Assets/VanillaMaterials/Textures/jpg/OBJ_HouseInteriorLights_B_Ilum.jpg using Guid(645f82628af9dd347955a27f056b07ad) Importer(815301076,1909f56bfc062723c751e8b465ee728b)  -> (artifact id: '3a436e2662eddb48baf1115278d57c55') in 0.008353 seconds 
========================================================================
Received Import Request.
  Time since last request: 0.000019 seconds.
  path: Assets/VanillaMaterials/Textures/jpg/OBJ_HouseInteriorLights_D01.jpg
  artifactKey: Guid(f46ebf17b95a09345b6ee7c8b7e2dd07) Importer(815301076,1909f56bfc062723c751e8b465ee728b)
Start importing Assets/VanillaMaterials/Textures/jpg/OBJ_HouseInteriorLights_D01.jpg using Guid(f46ebf17b95a09345b6ee7c8b7e2dd07) Importer(815301076,1909f56bfc062723c751e8b465ee728b)  -> (artifact id: 'cb0da35041e21781da7507137c3e2df5') in 0.011901 seconds 
========================================================================
Received Import Request.
  Time since last request: 0.000016 seconds.
  path: Assets/VanillaMaterials/Textures/jpg/FX_ScreenNoiseForMaterial_Dif.jpg
  artifactKey: Guid(d7bddcaaab7503f4cb19c2f87bb36aa6) Importer(815301076,1909f56bfc062723c751e8b465ee728b)
Start importing Assets/VanillaMaterials/Textures/jpg/FX_ScreenNoiseForMaterial_Dif.jpg using Guid(d7bddcaaab7503f4cb19c2f87bb36aa6) Importer(815301076,1909f56bfc062723c751e8b465ee728b)  -> (artifact id: '6dd599ac9a160b3faa9c473b4a9f0e0b') in 0.010115 seconds 
========================================================================
Received Import Request.
  Time since last request: 0.000023 seconds.
  path: Assets/VanillaMaterials/Textures/jpg/OBJ_Rugs_D.jpg
  artifactKey: Guid(945191c44261764438a0afab534bba86) Importer(815301076,1909f56bfc062723c751e8b465ee728b)
Start importing Assets/VanillaMaterials/Textures/jpg/OBJ_Rugs_D.jpg using Guid(945191c44261764438a0afab534bba86) Importer(815301076,1909f56bfc062723c751e8b465ee728b)  -> (artifact id: 'ed2e228316caf4881127f6c4b995bea0') in 0.009982 seconds 
