Using pre-set license
Built from '2021.3/evg/staging/82bb020e-b03b1330/draft-0' branch; Version is '2021.3.16f1 (4016570cf34f) revision 4200023'; Using compiler version '192829333'; Build Type 'Release'
OS: 'Windows 10  (10.0.19044) 64bit Professional' Language: 'en' Physical Memory: 32678 MB
BatchMode: 1, IsHumanControllingUs: 0, StartBugReporterOnCrash: 0, Is64bit: 1, IsPro: 1

COMMAND LINE ARGUMENTS:
C:\Program Files\Unity\Hub\Editor\2021.3.16f1\Editor\Unity.exe
-adb2
-batchMode
-noUpm
-name
AssetImportWorker6
-projectPath
C:/REPOS/Spice-Of-Life/Unity/SpiceOfLife
-logFile
Logs/AssetImportWorker6.log
-srvPort
54097
Successfully changed project path to: C:/REPOS/Spice-Of-Life/Unity/SpiceOfLife
C:/REPOS/Spice-Of-Life/Unity/SpiceOfLife
[UnityMemory] Configuration Parameters - Can be set up in boot.config
    "memorysetup-bucket-allocator-granularity=16"
    "memorysetup-bucket-allocator-bucket-count=8"
    "memorysetup-bucket-allocator-block-size=33554432"
    "memorysetup-bucket-allocator-block-count=8"
    "memorysetup-main-allocator-block-size=16777216"
    "memorysetup-thread-allocator-block-size=16777216"
    "memorysetup-gfx-main-allocator-block-size=16777216"
    "memorysetup-gfx-thread-allocator-block-size=16777216"
    "memorysetup-cache-allocator-block-size=4194304"
    "memorysetup-typetree-allocator-block-size=2097152"
    "memorysetup-profiler-bucket-allocator-granularity=16"
    "memorysetup-profiler-bucket-allocator-bucket-count=8"
    "memorysetup-profiler-bucket-allocator-block-size=33554432"
    "memorysetup-profiler-bucket-allocator-block-count=8"
    "memorysetup-profiler-allocator-block-size=16777216"
    "memorysetup-profiler-editor-allocator-block-size=1048576"
    "memorysetup-temp-allocator-size-main=16777216"
    "memorysetup-job-temp-allocator-block-size=2097152"
    "memorysetup-job-temp-allocator-block-size-background=1048576"
    "memorysetup-job-temp-allocator-reduction-small-platforms=262144"
    "memorysetup-temp-allocator-size-background-worker=32768"
    "memorysetup-temp-allocator-size-job-worker=262144"
    "memorysetup-temp-allocator-size-preload-manager=33554432"
    "memorysetup-temp-allocator-size-nav-mesh-worker=65536"
    "memorysetup-temp-allocator-size-audio-worker=65536"
    "memorysetup-temp-allocator-size-cloud-worker=32768"
    "memorysetup-temp-allocator-size-gi-baking-worker=262144"
    "memorysetup-temp-allocator-size-gfx=262144"
Player connection [21524] Host "[IP] 192.168.178.73 [Port] 0 [Flags] 2 [Guid] 1666052148 [EditorId] 1666052148 [Version] 1048832 [Id] WindowsEditor(7,i7) [Debug] 1 [PackageName] WindowsEditor [ProjectName] Editor" joined multi-casting on [225.0.0.222:54997]...

Player connection [21524] Host "[IP] 192.168.178.73 [Port] 0 [Flags] 2 [Guid] 1666052148 [EditorId] 1666052148 [Version] 1048832 [Id] WindowsEditor(7,i7) [Debug] 1 [PackageName] WindowsEditor [ProjectName] Editor" joined alternative multi-casting on [225.0.0.222:34997]...

Refreshing native plugins compatible for Editor in 129.30 ms, found 3 plugins.
Preloading 0 native plugins for Editor in 0.00 ms.
Initialize engine version: 2021.3.16f1 (4016570cf34f)
[Subsystems] Discovering subsystems at path C:/Program Files/Unity/Hub/Editor/2021.3.16f1/Editor/Data/Resources/UnitySubsystems
[Subsystems] Discovering subsystems at path C:/REPOS/Spice-Of-Life/Unity/SpiceOfLife/Assets
GfxDevice: creating device client; threaded=0; jobified=0
Direct3D:
    Version:  Direct3D 11.0 [level 11.1]
    Renderer: NVIDIA GeForce RTX 3060 (ID=0x2504)
    Vendor:   NVIDIA
    VRAM:     12129 MB
    Driver:   31.0.15.3179
Shader 'Shader Forge/TLD_StandardDiffuse': fallback shader '_LongDark/TLD_StandardShared' not found
Initialize mono
Mono path[0] = 'C:/Program Files/Unity/Hub/Editor/2021.3.16f1/Editor/Data/Managed'
Mono path[1] = 'C:/Program Files/Unity/Hub/Editor/2021.3.16f1/Editor/Data/MonoBleedingEdge/lib/mono/unityjit-win32'
Mono config path = 'C:/Program Files/Unity/Hub/Editor/2021.3.16f1/Editor/Data/MonoBleedingEdge/etc'
Using monoOptions --debugger-agent=transport=dt_socket,embedding=1,server=y,suspend=n,address=127.0.0.1:56088
Begin MonoManager ReloadAssembly
Registering precompiled unity dll's ...
Register platform support module: C:/Program Files/Unity/Hub/Editor/2021.3.16f1/Editor/Data/PlaybackEngines/WindowsStandaloneSupport/UnityEditor.WindowsStandalone.Extensions.dll
Registered in 0.008207 seconds.
Native extension for WindowsStandalone target not found
Refreshing native plugins compatible for Editor in 102.50 ms, found 3 plugins.
Preloading 0 native plugins for Editor in 0.00 ms.
Mono: successfully reloaded assembly
- Completed reload, in  0.889 seconds
Domain Reload Profiling:
	ReloadAssembly (890ms)
		BeginReloadAssembly (104ms)
			ExecutionOrderSort (0ms)
			DisableScriptedObjects (0ms)
			BackupInstance (0ms)
			ReleaseScriptingObjects (0ms)
			CreateAndSetChildDomain (1ms)
		EndReloadAssembly (632ms)
			LoadAssemblies (101ms)
			RebuildTransferFunctionScriptingTraits (0ms)
			SetupTypeCache (137ms)
			ReleaseScriptCaches (0ms)
			RebuildScriptCaches (39ms)
			SetupLoadedEditorAssemblies (375ms)
				LogAssemblyErrors (0ms)
				InitializePlatformSupportModulesInManaged (10ms)
				SetLoadedEditorAssemblies (0ms)
				RefreshPlugins (103ms)
				BeforeProcessingInitializeOnLoad (2ms)
				ProcessInitializeOnLoadAttributes (199ms)
				ProcessInitializeOnLoadMethodAttributes (61ms)
				AfterProcessingInitializeOnLoad (0ms)
				EditorAssembliesLoaded (0ms)
			ExecutionOrderSort2 (0ms)
			AwakeInstancesAfterBackupRestoration (0ms)
Platform modules already initialized, skipping
Registering precompiled user dll's ...
Registered in 0.007691 seconds.
Begin MonoManager ReloadAssembly
Native extension for WindowsStandalone target not found
Refreshing native plugins compatible for Editor in 0.73 ms, found 3 plugins.
Preloading 0 native plugins for Editor in 0.00 ms.
Mono: successfully reloaded assembly
- Completed reload, in  1.744 seconds
Domain Reload Profiling:
	ReloadAssembly (1745ms)
		BeginReloadAssembly (158ms)
			ExecutionOrderSort (0ms)
			DisableScriptedObjects (9ms)
			BackupInstance (0ms)
			ReleaseScriptingObjects (0ms)
			CreateAndSetChildDomain (32ms)
		EndReloadAssembly (1433ms)
			LoadAssemblies (106ms)
			RebuildTransferFunctionScriptingTraits (0ms)
			SetupTypeCache (384ms)
			ReleaseScriptCaches (1ms)
			RebuildScriptCaches (66ms)
			SetupLoadedEditorAssemblies (831ms)
				LogAssemblyErrors (0ms)
				InitializePlatformSupportModulesInManaged (7ms)
				SetLoadedEditorAssemblies (1ms)
				RefreshPlugins (1ms)
				BeforeProcessingInitializeOnLoad (131ms)
				ProcessInitializeOnLoadAttributes (648ms)
				ProcessInitializeOnLoadMethodAttributes (34ms)
				AfterProcessingInitializeOnLoad (9ms)
				EditorAssembliesLoaded (0ms)
			ExecutionOrderSort2 (0ms)
			AwakeInstancesAfterBackupRestoration (8ms)
Platform modules already initialized, skipping
========================================================================
Worker process is ready to serve import requests
Shader 'Shader Forge/TLD_StandardDiffuse': fallback shader '_LongDark/TLD_StandardShared' not found
Launched and connected shader compiler UnityShaderCompiler.exe after 0.05 seconds
Refreshing native plugins compatible for Editor in 0.76 ms, found 3 plugins.
Preloading 0 native plugins for Editor in 0.00 ms.
Unloading 3852 Unused Serialized files (Serialized files now loaded: 0)
Unloading 25 unused Assets / (56.0 KB). Loaded Objects now: 4315.
Memory consumption went from 133.3 MB to 133.2 MB.
Total: 6.851100 ms (FindLiveObjects: 0.588600 ms CreateObjectMapping: 0.294600 ms MarkObjects: 5.874300 ms  DeleteObjects: 0.091800 ms)

AssetImportParameters requested are different than current active one (requested -> active):
  custom:video-decoder-ogg-theora: a1e56fd34408186e4bbccfd4996cb3dc -> 
  custom:container-muxer-webm: aa71ff27fc2769a1b78a27578f13a17b -> 
  custom:container-demuxer-webm: 4f35f7cbe854078d1ac9338744f61a02 -> 
  custom:video-encoder-webm-vp8: eb34c28f22e8b96e1ab97ce403110664 -> 
  custom:audio-encoder-webm-vorbis: bf7c407c2cedff20999df2af8eb42d56 -> 
  custom:framework-win-MediaFoundation: 216162199b28c13a410421893ffa2e32 -> 
  custom:container-demuxer-ogg: 62fdf1f143b41e24485cea50d1cbac27 -> 
  custom:video-decoder-webm-vp8: 9c59270c3fd7afecdb556c50c9e8de78 -> 
  custom:audio-decoder-ogg-vorbis: bf7c407c2cedff20999df2af8eb42d56 -> 
========================================================================
Received Import Request.
  Time since last request: 28324.075189 seconds.
  path: Assets/VanillaMaterials/Textures/jpg/OBJ_CarTruck_A.jpg
  artifactKey: Guid(6d239167d05224b4a8e7fd15c0aca7a8) Importer(815301076,1909f56bfc062723c751e8b465ee728b)
Start importing Assets/VanillaMaterials/Textures/jpg/OBJ_CarTruck_A.jpg using Guid(6d239167d05224b4a8e7fd15c0aca7a8) Importer(815301076,1909f56bfc062723c751e8b465ee728b)  -> (artifact id: '8ce269ce44a94e31bca08fa38a754a0a') in 0.119390 seconds 
========================================================================
Received Import Request.
  Time since last request: 29.387113 seconds.
  path: Assets/VanillaMaterials/OBJ_CarTruck_A01.mat
  artifactKey: Guid(63b52aa72fd70e049bc88fdb0b884589) Importer(815301076,1909f56bfc062723c751e8b465ee728b)
Start importing Assets/VanillaMaterials/OBJ_CarTruck_A01.mat using Guid(63b52aa72fd70e049bc88fdb0b884589) Importer(815301076,1909f56bfc062723c751e8b465ee728b)  -> (artifact id: '65a0f12f1763ded79b2093d793359a43') in 0.079744 seconds 
========================================================================
Received Import Request.
  Time since last request: 0.000024 seconds.
  path: Assets/VanillaMaterials/OBJ_CarTruck_C.mat
  artifactKey: Guid(05fac60ec4e19764487aff4d87555680) Importer(815301076,1909f56bfc062723c751e8b465ee728b)
Start importing Assets/VanillaMaterials/OBJ_CarTruck_C.mat using Guid(05fac60ec4e19764487aff4d87555680) Importer(815301076,1909f56bfc062723c751e8b465ee728b)  -> (artifact id: '4f80add4bc78400845b13ee99df75c6e') in 0.011807 seconds 
========================================================================
Received Import Request.
  Time since last request: 3.616379 seconds.
  path: Assets/AddressableAssetsData/AssetGroups/SpiceOfLife.asset
  artifactKey: Guid(d8c939c557f84274ea84ebc136ed540a) Importer(815301076,1909f56bfc062723c751e8b465ee728b)
Start importing Assets/AddressableAssetsData/AssetGroups/SpiceOfLife.asset using Guid(d8c939c557f84274ea84ebc136ed540a) Importer(815301076,1909f56bfc062723c751e8b465ee728b)  -> (artifact id: 'a382138115f9f96b6fccd49486cf4534') in 0.007934 seconds 
========================================================================
Received Import Request.
  Time since last request: 1.624593 seconds.
  path: Assets/AddressableAssetsData/AssetGroups/SpiceOfLife.asset
  artifactKey: Guid(d8c939c557f84274ea84ebc136ed540a) Importer(815301076,1909f56bfc062723c751e8b465ee728b)
Start importing Assets/AddressableAssetsData/AssetGroups/SpiceOfLife.asset using Guid(d8c939c557f84274ea84ebc136ed540a) Importer(815301076,1909f56bfc062723c751e8b465ee728b)  -> (artifact id: 'ca673ef00c2f6da797372e6a3bfa2223') in 0.003281 seconds 
========================================================================
Received Import Request.
  Time since last request: 292.905761 seconds.
  path: Assets/VanillaMaterials/OBJ_BrandSodaFridges_A01.mat
  artifactKey: Guid(99b24a02d9274694bbc75dc7522e692c) Importer(815301076,1909f56bfc062723c751e8b465ee728b)
Start importing Assets/VanillaMaterials/OBJ_BrandSodaFridges_A01.mat using Guid(99b24a02d9274694bbc75dc7522e692c) Importer(815301076,1909f56bfc062723c751e8b465ee728b)  -> (artifact id: '8d5fcdea5af4d7c2c91ce6fc96be12d0') in 0.015609 seconds 
========================================================================
Received Import Request.
  Time since last request: 0.000044 seconds.
  path: Assets/VanillaMaterials/OBJ_CarTruck_C.mat
  artifactKey: Guid(05fac60ec4e19764487aff4d87555680) Importer(815301076,1909f56bfc062723c751e8b465ee728b)
Start importing Assets/VanillaMaterials/OBJ_CarTruck_C.mat using Guid(05fac60ec4e19764487aff4d87555680) Importer(815301076,1909f56bfc062723c751e8b465ee728b)  -> (artifact id: '2948ecb39b49bd522322731299575eaf') in 0.012212 seconds 
========================================================================
Received Import Request.
  Time since last request: 0.000050 seconds.
  path: Assets/VanillaMaterials/OBJ_StoreShelves_A02.mat
  artifactKey: Guid(1bbca265d80b9a04882d10873dccf625) Importer(815301076,1909f56bfc062723c751e8b465ee728b)
Start importing Assets/VanillaMaterials/OBJ_StoreShelves_A02.mat using Guid(1bbca265d80b9a04882d10873dccf625) Importer(815301076,1909f56bfc062723c751e8b465ee728b)  -> (artifact id: '9547e1f4bf6bdf0d4fb1e7cf53022c8f') in 0.021193 seconds 
========================================================================
Received Import Request.
  Time since last request: 0.000025 seconds.
  path: Assets/VanillaMaterials/OBJ_RugsA_01.mat
  artifactKey: Guid(7208e665cee8ec74ab30ffa1df69f01b) Importer(815301076,1909f56bfc062723c751e8b465ee728b)
Start importing Assets/VanillaMaterials/OBJ_RugsA_01.mat using Guid(7208e665cee8ec74ab30ffa1df69f01b) Importer(815301076,1909f56bfc062723c751e8b465ee728b)  -> (artifact id: '474b4da1068ed27bcba2e5bea80fd544') in 0.012374 seconds 
========================================================================
Received Import Request.
  Time since last request: 0.000027 seconds.
  path: Assets/VanillaMaterials/OBJ_RugsPatterned_Mat.mat
  artifactKey: Guid(1f6e8d95fb78efc46b5fdaf74983e49e) Importer(815301076,1909f56bfc062723c751e8b465ee728b)
Start importing Assets/VanillaMaterials/OBJ_RugsPatterned_Mat.mat using Guid(1f6e8d95fb78efc46b5fdaf74983e49e) Importer(815301076,1909f56bfc062723c751e8b465ee728b)  -> (artifact id: 'ee33216509829a6acf32d51f34d703da') in 0.012478 seconds 
========================================================================
Received Import Request.
  Time since last request: 0.000035 seconds.
  path: Assets/VanillaMaterials/OBJ_RugsC_A1.mat
  artifactKey: Guid(feed411498524cf4a9c9b7cf725826b4) Importer(815301076,1909f56bfc062723c751e8b465ee728b)
Start importing Assets/VanillaMaterials/OBJ_RugsC_A1.mat using Guid(feed411498524cf4a9c9b7cf725826b4) Importer(815301076,1909f56bfc062723c751e8b465ee728b)  -> (artifact id: 'dadd1a62d78714ea04129c4ce8068ec4') in 0.014517 seconds 
========================================================================
Received Import Request.
  Time since last request: 0.000027 seconds.
  path: Assets/VanillaMaterials/OBJ_StoreShelves_A01.mat
  artifactKey: Guid(1440d13d52fa7c04298528244add1a16) Importer(815301076,1909f56bfc062723c751e8b465ee728b)
Start importing Assets/VanillaMaterials/OBJ_StoreShelves_A01.mat using Guid(1440d13d52fa7c04298528244add1a16) Importer(815301076,1909f56bfc062723c751e8b465ee728b)  -> (artifact id: '4616765cabe45cd2789df45f213784fc') in 0.010394 seconds 
========================================================================
Received Import Request.
  Time since last request: 1.624115 seconds.
  path: Assets/VanillaMaterials/Textures/jpg/OBJ_BrandSodaFridges_A.jpg
  artifactKey: Guid(a299b60b892aba748918e4d65ab788c8) Importer(815301076,1909f56bfc062723c751e8b465ee728b)
Start importing Assets/VanillaMaterials/Textures/jpg/OBJ_BrandSodaFridges_A.jpg using Guid(a299b60b892aba748918e4d65ab788c8) Importer(815301076,1909f56bfc062723c751e8b465ee728b)  -> (artifact id: '0cbffdfa27e6cbcd467b2053e85eee58') in 0.008664 seconds 
========================================================================
Received Import Request.
  Time since last request: 0.541586 seconds.
  path: Assets/VanillaMaterials/Textures/jpg/OBJ_BrandSodaFridges_B.jpg
  artifactKey: Guid(5e336d98d5c653744996f6dba791ae80) Importer(815301076,1909f56bfc062723c751e8b465ee728b)
Start importing Assets/VanillaMaterials/Textures/jpg/OBJ_BrandSodaFridges_B.jpg using Guid(5e336d98d5c653744996f6dba791ae80) Importer(815301076,1909f56bfc062723c751e8b465ee728b)  -> (artifact id: '26a810c602a765fcafae721ea1f703bd') in 0.008330 seconds 
========================================================================
Received Import Request.
  Time since last request: 0.327611 seconds.
  path: Assets/VanillaMaterials/Textures/jpg/OBJ_CarTruck_A.jpg
  artifactKey: Guid(6d239167d05224b4a8e7fd15c0aca7a8) Importer(815301076,1909f56bfc062723c751e8b465ee728b)
Start importing Assets/VanillaMaterials/Textures/jpg/OBJ_CarTruck_A.jpg using Guid(6d239167d05224b4a8e7fd15c0aca7a8) Importer(815301076,1909f56bfc062723c751e8b465ee728b)  -> (artifact id: 'e337f46af46fb1b16a5443bbe21ba828') in 0.010110 seconds 
========================================================================
Received Import Request.
  Time since last request: 219.522797 seconds.
  path: Assets/VanillaMaterials/OBJ_BrandSodaFridges_A01.mat
  artifactKey: Guid(99b24a02d9274694bbc75dc7522e692c) Importer(815301076,1909f56bfc062723c751e8b465ee728b)
Start importing Assets/VanillaMaterials/OBJ_BrandSodaFridges_A01.mat using Guid(99b24a02d9274694bbc75dc7522e692c) Importer(815301076,1909f56bfc062723c751e8b465ee728b)  -> (artifact id: '066fe2dd2f3796592784dbfea05b8dce') in 0.016172 seconds 
========================================================================
Received Import Request.
  Time since last request: 0.000032 seconds.
  path: Assets/VanillaMaterials/OBJ_CarTruck_C.mat
  artifactKey: Guid(05fac60ec4e19764487aff4d87555680) Importer(815301076,1909f56bfc062723c751e8b465ee728b)
Start importing Assets/VanillaMaterials/OBJ_CarTruck_C.mat using Guid(05fac60ec4e19764487aff4d87555680) Importer(815301076,1909f56bfc062723c751e8b465ee728b)  -> (artifact id: '8573b4226cf8068cc3ea8a9868464fdb') in 0.009814 seconds 
========================================================================
Received Import Request.
  Time since last request: 0.000040 seconds.
  path: Assets/VanillaMaterials/OBJ_HouseInteriorLightsD_Mat.mat
  artifactKey: Guid(a15b2cb918d36b2408c51cc77450cfaa) Importer(815301076,1909f56bfc062723c751e8b465ee728b)
Start importing Assets/VanillaMaterials/OBJ_HouseInteriorLightsD_Mat.mat using Guid(a15b2cb918d36b2408c51cc77450cfaa) Importer(815301076,1909f56bfc062723c751e8b465ee728b)  -> (artifact id: 'ed55b65c826d65ec1f6b2197fa04df20') in 0.015232 seconds 
========================================================================
Received Import Request.
  Time since last request: 0.000029 seconds.
  path: Assets/VanillaMaterials/OBJ_StoreShelves_A02.mat
  artifactKey: Guid(1bbca265d80b9a04882d10873dccf625) Importer(815301076,1909f56bfc062723c751e8b465ee728b)
Start importing Assets/VanillaMaterials/OBJ_StoreShelves_A02.mat using Guid(1bbca265d80b9a04882d10873dccf625) Importer(815301076,1909f56bfc062723c751e8b465ee728b)  -> (artifact id: '64a6f8f200ec8615975e7ba5dcd9252f') in 0.012649 seconds 
========================================================================
Received Import Request.
  Time since last request: 0.000028 seconds.
  path: Assets/VanillaMaterials/OBJ_HouseInteriorLights_A01.mat
  artifactKey: Guid(b4f76801f6a33b54196922326462238d) Importer(815301076,1909f56bfc062723c751e8b465ee728b)
Start importing Assets/VanillaMaterials/OBJ_HouseInteriorLights_A01.mat using Guid(b4f76801f6a33b54196922326462238d) Importer(815301076,1909f56bfc062723c751e8b465ee728b)  -> (artifact id: '68005ee89da3ba543c1375522b04f42a') in 0.009198 seconds 
========================================================================
Received Import Request.
  Time since last request: 0.000034 seconds.
  path: Assets/VanillaMaterials/OBJ_CarTruck_A01.mat
  artifactKey: Guid(63b52aa72fd70e049bc88fdb0b884589) Importer(815301076,1909f56bfc062723c751e8b465ee728b)
Start importing Assets/VanillaMaterials/OBJ_CarTruck_A01.mat using Guid(63b52aa72fd70e049bc88fdb0b884589) Importer(815301076,1909f56bfc062723c751e8b465ee728b)  -> (artifact id: 'cb4667c160a741dc4cf4a0b87c09a0c1') in 0.009956 seconds 
========================================================================
Received Import Request.
  Time since last request: 0.000321 seconds.
  path: Assets/VanillaMaterials/OBJ_RugsA_01.mat
  artifactKey: Guid(7208e665cee8ec74ab30ffa1df69f01b) Importer(815301076,1909f56bfc062723c751e8b465ee728b)
Start importing Assets/VanillaMaterials/OBJ_RugsA_01.mat using Guid(7208e665cee8ec74ab30ffa1df69f01b) Importer(815301076,1909f56bfc062723c751e8b465ee728b)  -> (artifact id: 'ba74c6f136bd37158265e114c934d41a') in 0.011553 seconds 
========================================================================
Received Import Request.
  Time since last request: 0.000053 seconds.
  path: Assets/VanillaMaterials/OBJ_HouseInteriorLightsC_Mat.mat
  artifactKey: Guid(20351338fc82e824684323af1a3525e3) Importer(815301076,1909f56bfc062723c751e8b465ee728b)
Start importing Assets/VanillaMaterials/OBJ_HouseInteriorLightsC_Mat.mat using Guid(20351338fc82e824684323af1a3525e3) Importer(815301076,1909f56bfc062723c751e8b465ee728b)  -> (artifact id: 'f25b7a0faf07390d5d40b893311a00ff') in 0.014114 seconds 
========================================================================
Received Import Request.
  Time since last request: 0.000028 seconds.
  path: Assets/VanillaMaterials/OBJ_RugsPatterned_Mat.mat
  artifactKey: Guid(1f6e8d95fb78efc46b5fdaf74983e49e) Importer(815301076,1909f56bfc062723c751e8b465ee728b)
Start importing Assets/VanillaMaterials/OBJ_RugsPatterned_Mat.mat using Guid(1f6e8d95fb78efc46b5fdaf74983e49e) Importer(815301076,1909f56bfc062723c751e8b465ee728b)  -> (artifact id: 'e4b2f93accb39c2c13b5ed79208e23e8') in 0.011837 seconds 
========================================================================
Received Import Request.
  Time since last request: 0.000032 seconds.
  path: Assets/VanillaMaterials/OBJ_StoreShelves_B01.mat
  artifactKey: Guid(b02a694803f50d04fb1390d7f6032fa1) Importer(815301076,1909f56bfc062723c751e8b465ee728b)
Start importing Assets/VanillaMaterials/OBJ_StoreShelves_B01.mat using Guid(b02a694803f50d04fb1390d7f6032fa1) Importer(815301076,1909f56bfc062723c751e8b465ee728b)  -> (artifact id: 'f6583c7c0bc9570441156f4eb596de13') in 0.011920 seconds 
========================================================================
Received Import Request.
  Time since last request: 0.000041 seconds.
  path: Assets/VanillaMaterials/OBJ_HouseInteriorLightsB_Mat.mat
  artifactKey: Guid(a767c0dbaa8653844b43e9b77c38425b) Importer(815301076,1909f56bfc062723c751e8b465ee728b)
Start importing Assets/VanillaMaterials/OBJ_HouseInteriorLightsB_Mat.mat using Guid(a767c0dbaa8653844b43e9b77c38425b) Importer(815301076,1909f56bfc062723c751e8b465ee728b)  -> (artifact id: 'fdec483a9cdda44bf5a82f2a738433c1') in 0.011078 seconds 
========================================================================
Received Import Request.
  Time since last request: 0.000024 seconds.
  path: Assets/VanillaMaterials/OBJ_StoreShelves_A01.mat
  artifactKey: Guid(1440d13d52fa7c04298528244add1a16) Importer(815301076,1909f56bfc062723c751e8b465ee728b)
Start importing Assets/VanillaMaterials/OBJ_StoreShelves_A01.mat using Guid(1440d13d52fa7c04298528244add1a16) Importer(815301076,1909f56bfc062723c751e8b465ee728b)  -> (artifact id: '5bc1ff47e0aa5fd4de91c0a7c63af014') in 0.010468 seconds 
Editor requested this worker to shutdown with reason: Scaling down because of idle timeout
AssetImportWorker is now disconnected from the server
Process exiting
Exiting without the bug reporter. Application will terminate with return code 0