Using pre-set license
Built from '2021.3/evg/staging/82bb020e-b03b1330/draft-0' branch; Version is '2021.3.16f1 (4016570cf34f) revision 4200023'; Using compiler version '192829333'; Build Type 'Release'
OS: 'Windows 10  (10.0.19044) 64bit Professional' Language: 'en' Physical Memory: 32678 MB
BatchMode: 1, IsHumanControllingUs: 0, StartBugReporterOnCrash: 0, Is64bit: 1, IsPro: 1

COMMAND LINE ARGUMENTS:
C:\Program Files\Unity\Hub\Editor\2021.3.16f1\Editor\Unity.exe
-adb2
-batchMode
-noUpm
-name
AssetImportWorker5
-projectPath
C:/REPOS/Spice-Of-Life/Unity/SpiceOfLife
-logFile
Logs/AssetImportWorker5.log
-srvPort
54097
Successfully changed project path to: C:/REPOS/Spice-Of-Life/Unity/SpiceOfLife
C:/REPOS/Spice-Of-Life/Unity/SpiceOfLife
[UnityMemory] Configuration Parameters - Can be set up in boot.config
    "memorysetup-bucket-allocator-granularity=16"
    "memorysetup-bucket-allocator-bucket-count=8"
    "memorysetup-bucket-allocator-block-size=33554432"
    "memorysetup-bucket-allocator-block-count=8"
    "memorysetup-main-allocator-block-size=16777216"
    "memorysetup-thread-allocator-block-size=16777216"
    "memorysetup-gfx-main-allocator-block-size=16777216"
    "memorysetup-gfx-thread-allocator-block-size=16777216"
    "memorysetup-cache-allocator-block-size=4194304"
    "memorysetup-typetree-allocator-block-size=2097152"
    "memorysetup-profiler-bucket-allocator-granularity=16"
    "memorysetup-profiler-bucket-allocator-bucket-count=8"
    "memorysetup-profiler-bucket-allocator-block-size=33554432"
    "memorysetup-profiler-bucket-allocator-block-count=8"
    "memorysetup-profiler-allocator-block-size=16777216"
    "memorysetup-profiler-editor-allocator-block-size=1048576"
    "memorysetup-temp-allocator-size-main=16777216"
    "memorysetup-job-temp-allocator-block-size=2097152"
    "memorysetup-job-temp-allocator-block-size-background=1048576"
    "memorysetup-job-temp-allocator-reduction-small-platforms=262144"
    "memorysetup-temp-allocator-size-background-worker=32768"
    "memorysetup-temp-allocator-size-job-worker=262144"
    "memorysetup-temp-allocator-size-preload-manager=33554432"
    "memorysetup-temp-allocator-size-nav-mesh-worker=65536"
    "memorysetup-temp-allocator-size-audio-worker=65536"
    "memorysetup-temp-allocator-size-cloud-worker=32768"
    "memorysetup-temp-allocator-size-gi-baking-worker=262144"
    "memorysetup-temp-allocator-size-gfx=262144"
Player connection [20108] Host "[IP] 192.168.178.73 [Port] 0 [Flags] 2 [Guid] 941524668 [EditorId] 941524668 [Version] 1048832 [Id] WindowsEditor(7,i7) [Debug] 1 [PackageName] WindowsEditor [ProjectName] Editor" joined multi-casting on [225.0.0.222:54997]...

Player connection [20108] Host "[IP] 192.168.178.73 [Port] 0 [Flags] 2 [Guid] 941524668 [EditorId] 941524668 [Version] 1048832 [Id] WindowsEditor(7,i7) [Debug] 1 [PackageName] WindowsEditor [ProjectName] Editor" joined alternative multi-casting on [225.0.0.222:34997]...

Refreshing native plugins compatible for Editor in 104.55 ms, found 3 plugins.
Preloading 0 native plugins for Editor in 0.00 ms.
Initialize engine version: 2021.3.16f1 (4016570cf34f)
[Subsystems] Discovering subsystems at path C:/Program Files/Unity/Hub/Editor/2021.3.16f1/Editor/Data/Resources/UnitySubsystems
[Subsystems] Discovering subsystems at path C:/REPOS/Spice-Of-Life/Unity/SpiceOfLife/Assets
GfxDevice: creating device client; threaded=0; jobified=0
Direct3D:
    Version:  Direct3D 11.0 [level 11.1]
    Renderer: NVIDIA GeForce RTX 3060 (ID=0x2504)
    Vendor:   NVIDIA
    VRAM:     12129 MB
    Driver:   31.0.15.3179
Shader 'Shader Forge/TLD_StandardDiffuse': fallback shader '_LongDark/TLD_StandardShared' not found
Initialize mono
Mono path[0] = 'C:/Program Files/Unity/Hub/Editor/2021.3.16f1/Editor/Data/Managed'
Mono path[1] = 'C:/Program Files/Unity/Hub/Editor/2021.3.16f1/Editor/Data/MonoBleedingEdge/lib/mono/unityjit-win32'
Mono config path = 'C:/Program Files/Unity/Hub/Editor/2021.3.16f1/Editor/Data/MonoBleedingEdge/etc'
Using monoOptions --debugger-agent=transport=dt_socket,embedding=1,server=y,suspend=n,address=127.0.0.1:56744
Begin MonoManager ReloadAssembly
Registering precompiled unity dll's ...
Register platform support module: C:/Program Files/Unity/Hub/Editor/2021.3.16f1/Editor/Data/PlaybackEngines/WindowsStandaloneSupport/UnityEditor.WindowsStandalone.Extensions.dll
Registered in 0.008163 seconds.
Native extension for WindowsStandalone target not found
Refreshing native plugins compatible for Editor in 100.77 ms, found 3 plugins.
Preloading 0 native plugins for Editor in 0.00 ms.
Mono: successfully reloaded assembly
- Completed reload, in  0.889 seconds
Domain Reload Profiling:
	ReloadAssembly (889ms)
		BeginReloadAssembly (95ms)
			ExecutionOrderSort (0ms)
			DisableScriptedObjects (0ms)
			BackupInstance (0ms)
			ReleaseScriptingObjects (0ms)
			CreateAndSetChildDomain (1ms)
		EndReloadAssembly (624ms)
			LoadAssemblies (92ms)
			RebuildTransferFunctionScriptingTraits (0ms)
			SetupTypeCache (150ms)
			ReleaseScriptCaches (0ms)
			RebuildScriptCaches (38ms)
			SetupLoadedEditorAssemblies (370ms)
				LogAssemblyErrors (0ms)
				InitializePlatformSupportModulesInManaged (10ms)
				SetLoadedEditorAssemblies (0ms)
				RefreshPlugins (101ms)
				BeforeProcessingInitializeOnLoad (2ms)
				ProcessInitializeOnLoadAttributes (197ms)
				ProcessInitializeOnLoadMethodAttributes (59ms)
				AfterProcessingInitializeOnLoad (0ms)
				EditorAssembliesLoaded (0ms)
			ExecutionOrderSort2 (0ms)
			AwakeInstancesAfterBackupRestoration (0ms)
Platform modules already initialized, skipping
Registering precompiled user dll's ...
Registered in 0.007195 seconds.
Begin MonoManager ReloadAssembly
Native extension for WindowsStandalone target not found
Refreshing native plugins compatible for Editor in 0.82 ms, found 3 plugins.
Preloading 0 native plugins for Editor in 0.00 ms.
Mono: successfully reloaded assembly
- Completed reload, in  1.868 seconds
Domain Reload Profiling:
	ReloadAssembly (1869ms)
		BeginReloadAssembly (184ms)
			ExecutionOrderSort (0ms)
			DisableScriptedObjects (8ms)
			BackupInstance (0ms)
			ReleaseScriptingObjects (0ms)
			CreateAndSetChildDomain (41ms)
		EndReloadAssembly (1516ms)
			LoadAssemblies (123ms)
			RebuildTransferFunctionScriptingTraits (0ms)
			SetupTypeCache (443ms)
			ReleaseScriptCaches (1ms)
			RebuildScriptCaches (74ms)
			SetupLoadedEditorAssemblies (833ms)
				LogAssemblyErrors (0ms)
				InitializePlatformSupportModulesInManaged (8ms)
				SetLoadedEditorAssemblies (1ms)
				RefreshPlugins (1ms)
				BeforeProcessingInitializeOnLoad (135ms)
				ProcessInitializeOnLoadAttributes (629ms)
				ProcessInitializeOnLoadMethodAttributes (49ms)
				AfterProcessingInitializeOnLoad (10ms)
				EditorAssembliesLoaded (0ms)
			ExecutionOrderSort2 (0ms)
			AwakeInstancesAfterBackupRestoration (8ms)
Platform modules already initialized, skipping
========================================================================
Worker process is ready to serve import requests
Shader 'Shader Forge/TLD_StandardDiffuse': fallback shader '_LongDark/TLD_StandardShared' not found
Launched and connected shader compiler UnityShaderCompiler.exe after 0.05 seconds
Refreshing native plugins compatible for Editor in 1.00 ms, found 3 plugins.
Preloading 0 native plugins for Editor in 0.00 ms.
Unloading 3852 Unused Serialized files (Serialized files now loaded: 0)
Unloading 25 unused Assets / (56.0 KB). Loaded Objects now: 4315.
Memory consumption went from 133.3 MB to 133.2 MB.
Total: 7.411500 ms (FindLiveObjects: 0.504400 ms CreateObjectMapping: 0.255000 ms MarkObjects: 6.543700 ms  DeleteObjects: 0.107300 ms)

AssetImportParameters requested are different than current active one (requested -> active):
  custom:video-decoder-ogg-theora: a1e56fd34408186e4bbccfd4996cb3dc -> 
  custom:container-muxer-webm: aa71ff27fc2769a1b78a27578f13a17b -> 
  custom:container-demuxer-webm: 4f35f7cbe854078d1ac9338744f61a02 -> 
  custom:video-encoder-webm-vp8: eb34c28f22e8b96e1ab97ce403110664 -> 
  custom:audio-encoder-webm-vorbis: bf7c407c2cedff20999df2af8eb42d56 -> 
  custom:framework-win-MediaFoundation: 216162199b28c13a410421893ffa2e32 -> 
  custom:container-demuxer-ogg: 62fdf1f143b41e24485cea50d1cbac27 -> 
  custom:video-decoder-webm-vp8: 9c59270c3fd7afecdb556c50c9e8de78 -> 
  custom:audio-decoder-ogg-vorbis: bf7c407c2cedff20999df2af8eb42d56 -> 
========================================================================
Received Import Request.
  Time since last request: 28111.443045 seconds.
  path: Assets/VanillaMaterials/OBJ_HouseInteriorLightsC_Mat.mat
  artifactKey: Guid(20351338fc82e824684323af1a3525e3) Importer(815301076,1909f56bfc062723c751e8b465ee728b)
Start importing Assets/VanillaMaterials/OBJ_HouseInteriorLightsC_Mat.mat using Guid(20351338fc82e824684323af1a3525e3) Importer(815301076,1909f56bfc062723c751e8b465ee728b)  -> (artifact id: '509d53c21dbab517c7ef36dafb206d15') in 0.165185 seconds 
========================================================================
Received Import Request.
  Time since last request: 140.240242 seconds.
  path: Assets/VanillaMaterials/OBJ_CarTruck_A01.mat
  artifactKey: Guid(63b52aa72fd70e049bc88fdb0b884589) Importer(815301076,1909f56bfc062723c751e8b465ee728b)
Start importing Assets/VanillaMaterials/OBJ_CarTruck_A01.mat using Guid(63b52aa72fd70e049bc88fdb0b884589) Importer(815301076,1909f56bfc062723c751e8b465ee728b)  -> (artifact id: '29ce2d2ae85c41ced6eef467e42f3164') in 0.015288 seconds 
========================================================================
Received Import Request.
  Time since last request: 0.000035 seconds.
  path: Assets/VanillaMaterials/OBJ_CarTruck_C.png
  artifactKey: Guid(13ef458038fd0c44193e9d2a43ae4dd1) Importer(815301076,1909f56bfc062723c751e8b465ee728b)
Start importing Assets/VanillaMaterials/OBJ_CarTruck_C.png using Guid(13ef458038fd0c44193e9d2a43ae4dd1) Importer(815301076,1909f56bfc062723c751e8b465ee728b)  -> (artifact id: '179c5f208a77ce5da2b9b18fa7aed455') in 0.060082 seconds 
========================================================================
Received Import Request.
  Time since last request: 72.125592 seconds.
  path: Assets/VanillaMaterials/Textures/jpg/OBJ_CarTruck_B.jpg
  artifactKey: Guid(621eeab13bd3ed745845a89a590bf520) Importer(815301076,1909f56bfc062723c751e8b465ee728b)
Start importing Assets/VanillaMaterials/Textures/jpg/OBJ_CarTruck_B.jpg using Guid(621eeab13bd3ed745845a89a590bf520) Importer(815301076,1909f56bfc062723c751e8b465ee728b)  -> (artifact id: '065ccbaf9d53bf958cbb5112b97cd537') in 0.011865 seconds 
========================================================================
Received Import Request.
  Time since last request: 0.000038 seconds.
  path: Assets/VanillaMaterials/Textures/jpg/OBJ_CarTruck_C.jpg
  artifactKey: Guid(1cd8120ee4b85d940a41474cb3db441a) Importer(815301076,1909f56bfc062723c751e8b465ee728b)
Start importing Assets/VanillaMaterials/Textures/jpg/OBJ_CarTruck_C.jpg using Guid(1cd8120ee4b85d940a41474cb3db441a) Importer(815301076,1909f56bfc062723c751e8b465ee728b)  -> (artifact id: '6ac3a1b81d12c0214c876ee06c9d7c71') in 0.009748 seconds 
========================================================================
Received Import Request.
  Time since last request: 29.473316 seconds.
  path: Assets/VanillaMaterials/OBJ_CarTruck_B.mat
  artifactKey: Guid(a7060b0f7c3a7f941a7fb4c0404a6bae) Importer(815301076,1909f56bfc062723c751e8b465ee728b)
Start importing Assets/VanillaMaterials/OBJ_CarTruck_B.mat using Guid(a7060b0f7c3a7f941a7fb4c0404a6bae) Importer(815301076,1909f56bfc062723c751e8b465ee728b)  -> (artifact id: 'b644b2533fbd34c8adc1b0021b60f104') in 0.170934 seconds 
========================================================================
Received Import Request.
  Time since last request: 298.099129 seconds.
  path: Assets/VanillaMaterials/OBJ_BrandSodaFridgesB_Mat.mat
  artifactKey: Guid(642d874fe964fa842ad6fc8f1f14423a) Importer(815301076,1909f56bfc062723c751e8b465ee728b)
Start importing Assets/VanillaMaterials/OBJ_BrandSodaFridgesB_Mat.mat using Guid(642d874fe964fa842ad6fc8f1f14423a) Importer(815301076,1909f56bfc062723c751e8b465ee728b)  -> (artifact id: 'e51cc21b26bd8c1290a7d70f6450787a') in 0.017400 seconds 
========================================================================
Received Import Request.
  Time since last request: 0.000038 seconds.
  path: Assets/VanillaMaterials/OBJ_HouseInteriorLightsD_Mat.mat
  artifactKey: Guid(a15b2cb918d36b2408c51cc77450cfaa) Importer(815301076,1909f56bfc062723c751e8b465ee728b)
Start importing Assets/VanillaMaterials/OBJ_HouseInteriorLightsD_Mat.mat using Guid(a15b2cb918d36b2408c51cc77450cfaa) Importer(815301076,1909f56bfc062723c751e8b465ee728b)  -> (artifact id: '8854a41e284e864edf724ae03ed0cd86') in 0.011668 seconds 
========================================================================
Received Import Request.
  Time since last request: 0.000032 seconds.
  path: Assets/VanillaMaterials/OBJ_HouseInteriorLights_A01.mat
  artifactKey: Guid(b4f76801f6a33b54196922326462238d) Importer(815301076,1909f56bfc062723c751e8b465ee728b)
Start importing Assets/VanillaMaterials/OBJ_HouseInteriorLights_A01.mat using Guid(b4f76801f6a33b54196922326462238d) Importer(815301076,1909f56bfc062723c751e8b465ee728b)  -> (artifact id: 'c10ad048ba5aaf37e0f9c9fda654c6d5') in 0.016067 seconds 
========================================================================
Received Import Request.
  Time since last request: 0.000032 seconds.
  path: Assets/VanillaMaterials/OBJ_CarTruck_A01.mat
  artifactKey: Guid(63b52aa72fd70e049bc88fdb0b884589) Importer(815301076,1909f56bfc062723c751e8b465ee728b)
Start importing Assets/VanillaMaterials/OBJ_CarTruck_A01.mat using Guid(63b52aa72fd70e049bc88fdb0b884589) Importer(815301076,1909f56bfc062723c751e8b465ee728b)  -> (artifact id: '102d80d450f42375663427f6cb139747') in 0.010866 seconds 
========================================================================
Received Import Request.
  Time since last request: 0.000040 seconds.
  path: Assets/VanillaMaterials/OBJ_HouseInteriorLightsC_Mat.mat
  artifactKey: Guid(20351338fc82e824684323af1a3525e3) Importer(815301076,1909f56bfc062723c751e8b465ee728b)
Start importing Assets/VanillaMaterials/OBJ_HouseInteriorLightsC_Mat.mat using Guid(20351338fc82e824684323af1a3525e3) Importer(815301076,1909f56bfc062723c751e8b465ee728b)  -> (artifact id: 'b499e400e182de9f9bf27f231de45cf7') in 0.009916 seconds 
========================================================================
Received Import Request.
  Time since last request: 0.000073 seconds.
  path: Assets/VanillaMaterials/OBJ_StoreShelves_B01.mat
  artifactKey: Guid(b02a694803f50d04fb1390d7f6032fa1) Importer(815301076,1909f56bfc062723c751e8b465ee728b)
Start importing Assets/VanillaMaterials/OBJ_StoreShelves_B01.mat using Guid(b02a694803f50d04fb1390d7f6032fa1) Importer(815301076,1909f56bfc062723c751e8b465ee728b)  -> (artifact id: 'bc61368e3be7b51f1696510a0bbcd2f8') in 0.018952 seconds 
========================================================================
Received Import Request.
  Time since last request: 0.000029 seconds.
  path: Assets/VanillaMaterials/OBJ_HouseInteriorLightsB_Mat.mat
  artifactKey: Guid(a767c0dbaa8653844b43e9b77c38425b) Importer(815301076,1909f56bfc062723c751e8b465ee728b)
Start importing Assets/VanillaMaterials/OBJ_HouseInteriorLightsB_Mat.mat using Guid(a767c0dbaa8653844b43e9b77c38425b) Importer(815301076,1909f56bfc062723c751e8b465ee728b)  -> (artifact id: '5e153d8367c0dddef6f84756f8cada3a') in 0.010673 seconds 
========================================================================
Received Import Request.
  Time since last request: 0.000028 seconds.
  path: Assets/VanillaMaterials/OBJ_CarTruck_B.mat
  artifactKey: Guid(a7060b0f7c3a7f941a7fb4c0404a6bae) Importer(815301076,1909f56bfc062723c751e8b465ee728b)
Start importing Assets/VanillaMaterials/OBJ_CarTruck_B.mat using Guid(a7060b0f7c3a7f941a7fb4c0404a6bae) Importer(815301076,1909f56bfc062723c751e8b465ee728b)  -> (artifact id: '888ca6dd83575bdc99cf2f3c13793c1b') in 0.014927 seconds 
Editor requested this worker to shutdown with reason: Scaling down because of idle timeout
AssetImportWorker is now disconnected from the server
Process exiting
Exiting without the bug reporter. Application will terminate with return code 0