Using pre-set license
Built from '2021.3/evg/staging/82bb020e-b03b1330/draft-0' branch; Version is '2021.3.16f1 (4016570cf34f) revision 4200023'; Using compiler version '192829333'; Build Type 'Release'
OS: 'Windows 10  (10.0.19044) 64bit Professional' Language: 'en' Physical Memory: 32678 MB
BatchMode: 1, IsHumanControllingUs: 0, StartBugReporterOnCrash: 0, Is64bit: 1, IsPro: 1

COMMAND LINE ARGUMENTS:
C:\Program Files\Unity\Hub\Editor\2021.3.16f1\Editor\Unity.exe
-adb2
-batchMode
-noUpm
-name
AssetImportWorker0
-projectPath
C:/REPOS/Spice-Of-Life/Unity/SpiceOfLife
-logFile
Logs/AssetImportWorker0.log
-srvPort
54097
Successfully changed project path to: C:/REPOS/Spice-Of-Life/Unity/SpiceOfLife
C:/REPOS/Spice-Of-Life/Unity/SpiceOfLife
[UnityMemory] Configuration Parameters - Can be set up in boot.config
    "memorysetup-bucket-allocator-granularity=16"
    "memorysetup-bucket-allocator-bucket-count=8"
    "memorysetup-bucket-allocator-block-size=33554432"
    "memorysetup-bucket-allocator-block-count=8"
    "memorysetup-main-allocator-block-size=16777216"
    "memorysetup-thread-allocator-block-size=16777216"
    "memorysetup-gfx-main-allocator-block-size=16777216"
    "memorysetup-gfx-thread-allocator-block-size=16777216"
    "memorysetup-cache-allocator-block-size=4194304"
    "memorysetup-typetree-allocator-block-size=2097152"
    "memorysetup-profiler-bucket-allocator-granularity=16"
    "memorysetup-profiler-bucket-allocator-bucket-count=8"
    "memorysetup-profiler-bucket-allocator-block-size=33554432"
    "memorysetup-profiler-bucket-allocator-block-count=8"
    "memorysetup-profiler-allocator-block-size=16777216"
    "memorysetup-profiler-editor-allocator-block-size=1048576"
    "memorysetup-temp-allocator-size-main=16777216"
    "memorysetup-job-temp-allocator-block-size=2097152"
    "memorysetup-job-temp-allocator-block-size-background=1048576"
    "memorysetup-job-temp-allocator-reduction-small-platforms=262144"
    "memorysetup-temp-allocator-size-background-worker=32768"
    "memorysetup-temp-allocator-size-job-worker=262144"
    "memorysetup-temp-allocator-size-preload-manager=33554432"
    "memorysetup-temp-allocator-size-nav-mesh-worker=65536"
    "memorysetup-temp-allocator-size-audio-worker=65536"
    "memorysetup-temp-allocator-size-cloud-worker=32768"
    "memorysetup-temp-allocator-size-gi-baking-worker=262144"
    "memorysetup-temp-allocator-size-gfx=262144"
Player connection [22040] Host "[IP] 192.168.178.73 [Port] 0 [Flags] 2 [Guid] 2143466002 [EditorId] 2143466002 [Version] 1048832 [Id] WindowsEditor(7,i7) [Debug] 1 [PackageName] WindowsEditor [ProjectName] Editor" joined multi-casting on [225.0.0.222:54997]...

Player connection [22040] Host "[IP] 192.168.178.73 [Port] 0 [Flags] 2 [Guid] 2143466002 [EditorId] 2143466002 [Version] 1048832 [Id] WindowsEditor(7,i7) [Debug] 1 [PackageName] WindowsEditor [ProjectName] Editor" joined alternative multi-casting on [225.0.0.222:34997]...

Refreshing native plugins compatible for Editor in 116.80 ms, found 3 plugins.
Preloading 0 native plugins for Editor in 0.00 ms.
Initialize engine version: 2021.3.16f1 (4016570cf34f)
[Subsystems] Discovering subsystems at path C:/Program Files/Unity/Hub/Editor/2021.3.16f1/Editor/Data/Resources/UnitySubsystems
[Subsystems] Discovering subsystems at path C:/REPOS/Spice-Of-Life/Unity/SpiceOfLife/Assets
GfxDevice: creating device client; threaded=0; jobified=0
Direct3D:
    Version:  Direct3D 11.0 [level 11.1]
    Renderer: NVIDIA GeForce RTX 3060 (ID=0x2504)
    Vendor:   NVIDIA
    VRAM:     12129 MB
    Driver:   31.0.15.3179
Shader 'Shader Forge/TLD_StandardDiffuse': fallback shader '_LongDark/TLD_StandardShared' not found
Shader 'Shader Forge/TLD_StandardComplexProp': fallback shader '_LongDark/TLD_StandardShared' not found
Initialize mono
Mono path[0] = 'C:/Program Files/Unity/Hub/Editor/2021.3.16f1/Editor/Data/Managed'
Mono path[1] = 'C:/Program Files/Unity/Hub/Editor/2021.3.16f1/Editor/Data/MonoBleedingEdge/lib/mono/unityjit-win32'
Mono config path = 'C:/Program Files/Unity/Hub/Editor/2021.3.16f1/Editor/Data/MonoBleedingEdge/etc'
Using monoOptions --debugger-agent=transport=dt_socket,embedding=1,server=y,suspend=n,address=127.0.0.1:56000
Begin MonoManager ReloadAssembly
Registering precompiled unity dll's ...
Register platform support module: C:/Program Files/Unity/Hub/Editor/2021.3.16f1/Editor/Data/PlaybackEngines/WindowsStandaloneSupport/UnityEditor.WindowsStandalone.Extensions.dll
Registered in 0.009269 seconds.
Native extension for WindowsStandalone target not found
Refreshing native plugins compatible for Editor in 112.78 ms, found 3 plugins.
Preloading 0 native plugins for Editor in 0.00 ms.
Mono: successfully reloaded assembly
- Completed reload, in  0.872 seconds
Domain Reload Profiling:
	ReloadAssembly (872ms)
		BeginReloadAssembly (94ms)
			ExecutionOrderSort (0ms)
			DisableScriptedObjects (0ms)
			BackupInstance (0ms)
			ReleaseScriptingObjects (0ms)
			CreateAndSetChildDomain (1ms)
		EndReloadAssembly (624ms)
			LoadAssemblies (90ms)
			RebuildTransferFunctionScriptingTraits (0ms)
			SetupTypeCache (149ms)
			ReleaseScriptCaches (0ms)
			RebuildScriptCaches (41ms)
			SetupLoadedEditorAssemblies (369ms)
				LogAssemblyErrors (0ms)
				InitializePlatformSupportModulesInManaged (10ms)
				SetLoadedEditorAssemblies (0ms)
				RefreshPlugins (113ms)
				BeforeProcessingInitializeOnLoad (2ms)
				ProcessInitializeOnLoadAttributes (183ms)
				ProcessInitializeOnLoadMethodAttributes (61ms)
				AfterProcessingInitializeOnLoad (0ms)
				EditorAssembliesLoaded (0ms)
			ExecutionOrderSort2 (0ms)
			AwakeInstancesAfterBackupRestoration (0ms)
Platform modules already initialized, skipping
Registering precompiled user dll's ...
Registered in 0.006862 seconds.
Begin MonoManager ReloadAssembly
Native extension for WindowsStandalone target not found
Refreshing native plugins compatible for Editor in 0.77 ms, found 3 plugins.
Preloading 0 native plugins for Editor in 0.00 ms.
Mono: successfully reloaded assembly
- Completed reload, in  1.723 seconds
Domain Reload Profiling:
	ReloadAssembly (1724ms)
		BeginReloadAssembly (151ms)
			ExecutionOrderSort (0ms)
			DisableScriptedObjects (8ms)
			BackupInstance (0ms)
			ReleaseScriptingObjects (0ms)
			CreateAndSetChildDomain (29ms)
		EndReloadAssembly (1414ms)
			LoadAssemblies (107ms)
			RebuildTransferFunctionScriptingTraits (0ms)
			SetupTypeCache (386ms)
			ReleaseScriptCaches (1ms)
			RebuildScriptCaches (73ms)
			SetupLoadedEditorAssemblies (806ms)
				LogAssemblyErrors (0ms)
				InitializePlatformSupportModulesInManaged (7ms)
				SetLoadedEditorAssemblies (1ms)
				RefreshPlugins (1ms)
				BeforeProcessingInitializeOnLoad (132ms)
				ProcessInitializeOnLoadAttributes (620ms)
				ProcessInitializeOnLoadMethodAttributes (33ms)
				AfterProcessingInitializeOnLoad (12ms)
				EditorAssembliesLoaded (0ms)
			ExecutionOrderSort2 (0ms)
			AwakeInstancesAfterBackupRestoration (7ms)
Platform modules already initialized, skipping
========================================================================
Worker process is ready to serve import requests
Shader 'Shader Forge/TLD_StandardDiffuse': fallback shader '_LongDark/TLD_StandardShared' not found
Shader 'Shader Forge/TLD_StandardComplexProp': fallback shader '_LongDark/TLD_StandardShared' not found
Launched and connected shader compiler UnityShaderCompiler.exe after 0.07 seconds
Refreshing native plugins compatible for Editor in 1.15 ms, found 3 plugins.
Preloading 0 native plugins for Editor in 0.00 ms.
Unloading 3853 Unused Serialized files (Serialized files now loaded: 0)
Unloading 25 unused Assets / (56.5 KB). Loaded Objects now: 4316.
Memory consumption went from 133.6 MB to 133.6 MB.
Total: 8.134600 ms (FindLiveObjects: 0.576800 ms CreateObjectMapping: 0.228300 ms MarkObjects: 7.208800 ms  DeleteObjects: 0.119600 ms)

AssetImportParameters requested are different than current active one (requested -> active):
  custom:video-decoder-ogg-theora: a1e56fd34408186e4bbccfd4996cb3dc -> 
  custom:container-muxer-webm: aa71ff27fc2769a1b78a27578f13a17b -> 
  custom:container-demuxer-webm: 4f35f7cbe854078d1ac9338744f61a02 -> 
  custom:video-encoder-webm-vp8: eb34c28f22e8b96e1ab97ce403110664 -> 
  custom:audio-encoder-webm-vorbis: bf7c407c2cedff20999df2af8eb42d56 -> 
  custom:framework-win-MediaFoundation: 216162199b28c13a410421893ffa2e32 -> 
  custom:container-demuxer-ogg: 62fdf1f143b41e24485cea50d1cbac27 -> 
  custom:video-decoder-webm-vp8: 9c59270c3fd7afecdb556c50c9e8de78 -> 
  custom:audio-decoder-ogg-vorbis: bf7c407c2cedff20999df2af8eb42d56 -> 
========================================================================
Received Import Request.
  Time since last request: 27463.241611 seconds.
  path: Assets/VanillaMaterials/OBJ_HouseInteriorLightsD_Mat.mat
  artifactKey: Guid(a15b2cb918d36b2408c51cc77450cfaa) Importer(815301076,1909f56bfc062723c751e8b465ee728b)
Start importing Assets/VanillaMaterials/OBJ_HouseInteriorLightsD_Mat.mat using Guid(a15b2cb918d36b2408c51cc77450cfaa) Importer(815301076,1909f56bfc062723c751e8b465ee728b)  -> (artifact id: 'a19a1cb5e0ee4ebe05524d0c5a8bf6bc') in 0.178960 seconds 
========================================================================
Received Import Request.
  Time since last request: 0.000024 seconds.
  path: Assets/VanillaMaterials/OBJ_HouseInteriorLightsC_Mat.mat
  artifactKey: Guid(20351338fc82e824684323af1a3525e3) Importer(815301076,1909f56bfc062723c751e8b465ee728b)
Start importing Assets/VanillaMaterials/OBJ_HouseInteriorLightsC_Mat.mat using Guid(20351338fc82e824684323af1a3525e3) Importer(815301076,1909f56bfc062723c751e8b465ee728b)  -> (artifact id: '6e812a019878fad713c6792a08ce55ae') in 0.013166 seconds 
========================================================================
Received Import Request.
  Time since last request: 0.000025 seconds.
  path: Assets/VanillaMaterials/OBJ_RugsPatterned_Mat.mat
  artifactKey: Guid(1f6e8d95fb78efc46b5fdaf74983e49e) Importer(815301076,1909f56bfc062723c751e8b465ee728b)
Start importing Assets/VanillaMaterials/OBJ_RugsPatterned_Mat.mat using Guid(1f6e8d95fb78efc46b5fdaf74983e49e) Importer(815301076,1909f56bfc062723c751e8b465ee728b)  -> (artifact id: 'ec5554ac34e1a31c170cf3ebb23bb865') in 0.018945 seconds 
========================================================================
Received Import Request.
  Time since last request: 0.000027 seconds.
  path: Assets/VanillaMaterials/OBJ_RugsC_A1.mat
  artifactKey: Guid(feed411498524cf4a9c9b7cf725826b4) Importer(815301076,1909f56bfc062723c751e8b465ee728b)
Start importing Assets/VanillaMaterials/OBJ_RugsC_A1.mat using Guid(feed411498524cf4a9c9b7cf725826b4) Importer(815301076,1909f56bfc062723c751e8b465ee728b)  -> (artifact id: '065ad30290ae09c3d9482bd4dc2a9915') in 0.011662 seconds 
========================================================================
Received Import Request.
  Time since last request: 0.000032 seconds.
  path: Assets/VanillaMaterials/OBJ_HouseInteriorLightsB_Mat.mat
  artifactKey: Guid(a767c0dbaa8653844b43e9b77c38425b) Importer(815301076,1909f56bfc062723c751e8b465ee728b)
Start importing Assets/VanillaMaterials/OBJ_HouseInteriorLightsB_Mat.mat using Guid(a767c0dbaa8653844b43e9b77c38425b) Importer(815301076,1909f56bfc062723c751e8b465ee728b)  -> (artifact id: '4c794d555cd38e0b5b3ab0e83b85fe12') in 0.008854 seconds 
========================================================================
Received Import Request.
  Time since last request: 5.879633 seconds.
  path: Assets/VanillaMaterials/Textures/FX_ScreenNoiseForMaterial_Dif.png
  artifactKey: Guid(44a05e7b65a1e7345905cc5430946b11) Importer(815301076,1909f56bfc062723c751e8b465ee728b)
Start importing Assets/VanillaMaterials/Textures/FX_ScreenNoiseForMaterial_Dif.png using Guid(44a05e7b65a1e7345905cc5430946b11) Importer(815301076,1909f56bfc062723c751e8b465ee728b)  -> (artifact id: 'fb1f1fe3f33c995a48aca77138d76509') in 0.063794 seconds 
========================================================================
Received Import Request.
  Time since last request: 41.004119 seconds.
  path: Assets/VanillaMaterials/Textures/OBJ_HouseInteriorLights_A_Ilum.png
  artifactKey: Guid(f342f5eda69be6d45ba110dabd739547) Importer(815301076,1909f56bfc062723c751e8b465ee728b)
Start importing Assets/VanillaMaterials/Textures/OBJ_HouseInteriorLights_A_Ilum.png using Guid(f342f5eda69be6d45ba110dabd739547) Importer(815301076,1909f56bfc062723c751e8b465ee728b)  -> (artifact id: '1068c8264ce1fb51b81c6a82abfb9420') in 0.009650 seconds 
========================================================================
Received Import Request.
  Time since last request: 0.000027 seconds.
  path: Assets/VanillaMaterials/Textures/OBJ_Rugs_B.png
  artifactKey: Guid(b6f89f6aa861b8f40b14220bfa867fec) Importer(815301076,1909f56bfc062723c751e8b465ee728b)
Start importing Assets/VanillaMaterials/Textures/OBJ_Rugs_B.png using Guid(b6f89f6aa861b8f40b14220bfa867fec) Importer(815301076,1909f56bfc062723c751e8b465ee728b)  -> (artifact id: '13350608b76c6fc7c9785d31a0020678') in 0.013782 seconds 
========================================================================
Received Import Request.
  Time since last request: 0.000051 seconds.
  path: Assets/VanillaMaterials/Textures/OBJ_HouseInteriorLights_C_Ilum.png
  artifactKey: Guid(75fba06b7d36e85408cfec16ad03a81c) Importer(815301076,1909f56bfc062723c751e8b465ee728b)
Start importing Assets/VanillaMaterials/Textures/OBJ_HouseInteriorLights_C_Ilum.png using Guid(75fba06b7d36e85408cfec16ad03a81c) Importer(815301076,1909f56bfc062723c751e8b465ee728b)  -> (artifact id: '0cb30ba3316d9f837911b4ac1b3633fe') in 0.009479 seconds 
========================================================================
Received Import Request.
  Time since last request: 0.000024 seconds.
  path: Assets/VanillaMaterials/Textures/OBJ_Rugs_D.png
  artifactKey: Guid(4da8b8e1862a223498e9b4785340bcbb) Importer(815301076,1909f56bfc062723c751e8b465ee728b)
Start importing Assets/VanillaMaterials/Textures/OBJ_Rugs_D.png using Guid(4da8b8e1862a223498e9b4785340bcbb) Importer(815301076,1909f56bfc062723c751e8b465ee728b)  -> (artifact id: '9ddc6503c3b40eb649b1048393d42dd1') in 0.011478 seconds 
========================================================================
Received Import Request.
  Time since last request: 52.958161 seconds.
  path: Assets/VanillaMaterials/OBJ_BrandSodaFridges_A01.mat
  artifactKey: Guid(99b24a02d9274694bbc75dc7522e692c) Importer(815301076,1909f56bfc062723c751e8b465ee728b)
Start importing Assets/VanillaMaterials/OBJ_BrandSodaFridges_A01.mat using Guid(99b24a02d9274694bbc75dc7522e692c) Importer(815301076,1909f56bfc062723c751e8b465ee728b)  -> (artifact id: 'e341a774450e9b196f169cdd8d75d197') in 0.010631 seconds 
========================================================================
Received Import Request.
  Time since last request: 25.584195 seconds.
  path: Assets/VanillaMaterials/OBJ_BrandSodaFridgesB_Mat.mat
  artifactKey: Guid(642d874fe964fa842ad6fc8f1f14423a) Importer(815301076,1909f56bfc062723c751e8b465ee728b)
Start importing Assets/VanillaMaterials/OBJ_BrandSodaFridgesB_Mat.mat using Guid(642d874fe964fa842ad6fc8f1f14423a) Importer(815301076,1909f56bfc062723c751e8b465ee728b)  -> (artifact id: 'bde21783e987b287f2720b06f18c2593') in 0.009509 seconds 
========================================================================
Received Import Request.
  Time since last request: 83.680335 seconds.
  path: Assets/VanillaMaterials/Textures/jpg/OBJ_BrandSodaFridges_A.jpg
  artifactKey: Guid(a299b60b892aba748918e4d65ab788c8) Importer(815301076,1909f56bfc062723c751e8b465ee728b)
Start importing Assets/VanillaMaterials/Textures/jpg/OBJ_BrandSodaFridges_A.jpg using Guid(a299b60b892aba748918e4d65ab788c8) Importer(815301076,1909f56bfc062723c751e8b465ee728b)  -> (artifact id: 'f74926bfc8051d59a5a33ed542041e00') in 0.016395 seconds 
========================================================================
Received Import Request.
  Time since last request: 0.000043 seconds.
  path: Assets/VanillaMaterials/Textures/jpg/OBJ_HouseInteriorLights_C_Ilum.jpg
  artifactKey: Guid(a225a151700fb0a45b5375302b5e31d7) Importer(815301076,1909f56bfc062723c751e8b465ee728b)
Start importing Assets/VanillaMaterials/Textures/jpg/OBJ_HouseInteriorLights_C_Ilum.jpg using Guid(a225a151700fb0a45b5375302b5e31d7) Importer(815301076,1909f56bfc062723c751e8b465ee728b)  -> (artifact id: '6d6050d0fa11a37ab2c8f490374d29a3') in 0.008211 seconds 
========================================================================
Received Import Request.
  Time since last request: 0.000035 seconds.
  path: Assets/VanillaMaterials/Textures/jpg/OBJ_HouseInteriorLights_D01.jpg
  artifactKey: Guid(f46ebf17b95a09345b6ee7c8b7e2dd07) Importer(815301076,1909f56bfc062723c751e8b465ee728b)
Start importing Assets/VanillaMaterials/Textures/jpg/OBJ_HouseInteriorLights_D01.jpg using Guid(f46ebf17b95a09345b6ee7c8b7e2dd07) Importer(815301076,1909f56bfc062723c751e8b465ee728b)  -> (artifact id: '04ea9c1195a88bcb1df6dc1c0a531d2e') in 0.010720 seconds 
========================================================================
Received Import Request.
  Time since last request: 0.000025 seconds.
  path: Assets/VanillaMaterials/Textures/jpg/OBJ_Rugs_D.jpg
  artifactKey: Guid(945191c44261764438a0afab534bba86) Importer(815301076,1909f56bfc062723c751e8b465ee728b)
Start importing Assets/VanillaMaterials/Textures/jpg/OBJ_Rugs_D.jpg using Guid(945191c44261764438a0afab534bba86) Importer(815301076,1909f56bfc062723c751e8b465ee728b)  -> (artifact id: '7ee9f00a1760ee862253468944dd7591') in 0.011186 seconds 
Editor requested this worker to shutdown with reason: Scaling down because of idle timeout
AssetImportWorker is now disconnected from the server
Process exiting
Exiting without the bug reporter. Application will terminate with return code 0