Using pre-set license
Built from '2021.3/evg/staging/82bb020e-b03b1330/draft-0' branch; Version is '2021.3.16f1 (4016570cf34f) revision 4200023'; Using compiler version '192829333'; Build Type 'Release'
OS: 'Windows 10  (10.0.19044) 64bit Professional' Language: 'en' Physical Memory: 32678 MB
BatchMode: 1, IsHumanControllingUs: 0, StartBugReporterOnCrash: 0, Is64bit: 1, IsPro: 1

COMMAND LINE ARGUMENTS:
C:\Program Files\Unity\Hub\Editor\2021.3.16f1\Editor\Unity.exe
-adb2
-batchMode
-noUpm
-name
AssetImportWorker4
-projectPath
C:/REPOS/Spice-Of-Life/Unity/SpiceOfLife
-logFile
Logs/AssetImportWorker4.log
-srvPort
54097
Successfully changed project path to: C:/REPOS/Spice-Of-Life/Unity/SpiceOfLife
C:/REPOS/Spice-Of-Life/Unity/SpiceOfLife
[UnityMemory] Configuration Parameters - Can be set up in boot.config
    "memorysetup-bucket-allocator-granularity=16"
    "memorysetup-bucket-allocator-bucket-count=8"
    "memorysetup-bucket-allocator-block-size=33554432"
    "memorysetup-bucket-allocator-block-count=8"
    "memorysetup-main-allocator-block-size=16777216"
    "memorysetup-thread-allocator-block-size=16777216"
    "memorysetup-gfx-main-allocator-block-size=16777216"
    "memorysetup-gfx-thread-allocator-block-size=16777216"
    "memorysetup-cache-allocator-block-size=4194304"
    "memorysetup-typetree-allocator-block-size=2097152"
    "memorysetup-profiler-bucket-allocator-granularity=16"
    "memorysetup-profiler-bucket-allocator-bucket-count=8"
    "memorysetup-profiler-bucket-allocator-block-size=33554432"
    "memorysetup-profiler-bucket-allocator-block-count=8"
    "memorysetup-profiler-allocator-block-size=16777216"
    "memorysetup-profiler-editor-allocator-block-size=1048576"
    "memorysetup-temp-allocator-size-main=16777216"
    "memorysetup-job-temp-allocator-block-size=2097152"
    "memorysetup-job-temp-allocator-block-size-background=1048576"
    "memorysetup-job-temp-allocator-reduction-small-platforms=262144"
    "memorysetup-temp-allocator-size-background-worker=32768"
    "memorysetup-temp-allocator-size-job-worker=262144"
    "memorysetup-temp-allocator-size-preload-manager=33554432"
    "memorysetup-temp-allocator-size-nav-mesh-worker=65536"
    "memorysetup-temp-allocator-size-audio-worker=65536"
    "memorysetup-temp-allocator-size-cloud-worker=32768"
    "memorysetup-temp-allocator-size-gi-baking-worker=262144"
    "memorysetup-temp-allocator-size-gfx=262144"
Player connection [21016] Host "[IP] 192.168.178.73 [Port] 0 [Flags] 2 [Guid] 3847177021 [EditorId] 3847177021 [Version] 1048832 [Id] WindowsEditor(7,i7) [Debug] 1 [PackageName] WindowsEditor [ProjectName] Editor" joined multi-casting on [225.0.0.222:54997]...

Player connection [21016] Host "[IP] 192.168.178.73 [Port] 0 [Flags] 2 [Guid] 3847177021 [EditorId] 3847177021 [Version] 1048832 [Id] WindowsEditor(7,i7) [Debug] 1 [PackageName] WindowsEditor [ProjectName] Editor" joined alternative multi-casting on [225.0.0.222:34997]...

Refreshing native plugins compatible for Editor in 123.84 ms, found 3 plugins.
Preloading 0 native plugins for Editor in 0.00 ms.
Initialize engine version: 2021.3.16f1 (4016570cf34f)
[Subsystems] Discovering subsystems at path C:/Program Files/Unity/Hub/Editor/2021.3.16f1/Editor/Data/Resources/UnitySubsystems
[Subsystems] Discovering subsystems at path C:/REPOS/Spice-Of-Life/Unity/SpiceOfLife/Assets
GfxDevice: creating device client; threaded=0; jobified=0
Direct3D:
    Version:  Direct3D 11.0 [level 11.1]
    Renderer: NVIDIA GeForce RTX 3060 (ID=0x2504)
    Vendor:   NVIDIA
    VRAM:     12129 MB
    Driver:   31.0.15.3179
Shader 'Shader Forge/TLD_StandardDiffuse': fallback shader '_LongDark/TLD_StandardShared' not found
Shader 'Shader Forge/TLD_StandardDiffuse': fallback shader '_LongDark/TLD_StandardShared' not found
Initialize mono
Mono path[0] = 'C:/Program Files/Unity/Hub/Editor/2021.3.16f1/Editor/Data/Managed'
Mono path[1] = 'C:/Program Files/Unity/Hub/Editor/2021.3.16f1/Editor/Data/MonoBleedingEdge/lib/mono/unityjit-win32'
Mono config path = 'C:/Program Files/Unity/Hub/Editor/2021.3.16f1/Editor/Data/MonoBleedingEdge/etc'
Using monoOptions --debugger-agent=transport=dt_socket,embedding=1,server=y,suspend=n,address=127.0.0.1:56112
Begin MonoManager ReloadAssembly
Registering precompiled unity dll's ...
Register platform support module: C:/Program Files/Unity/Hub/Editor/2021.3.16f1/Editor/Data/PlaybackEngines/WindowsStandaloneSupport/UnityEditor.WindowsStandalone.Extensions.dll
Registered in 0.007861 seconds.
Native extension for WindowsStandalone target not found
Refreshing native plugins compatible for Editor in 123.28 ms, found 3 plugins.
Preloading 0 native plugins for Editor in 0.00 ms.
Mono: successfully reloaded assembly
- Completed reload, in  0.876 seconds
Domain Reload Profiling:
	ReloadAssembly (877ms)
		BeginReloadAssembly (92ms)
			ExecutionOrderSort (0ms)
			DisableScriptedObjects (0ms)
			BackupInstance (0ms)
			ReleaseScriptingObjects (0ms)
			CreateAndSetChildDomain (1ms)
		EndReloadAssembly (643ms)
			LoadAssemblies (89ms)
			RebuildTransferFunctionScriptingTraits (0ms)
			SetupTypeCache (146ms)
			ReleaseScriptCaches (0ms)
			RebuildScriptCaches (35ms)
			SetupLoadedEditorAssemblies (388ms)
				LogAssemblyErrors (0ms)
				InitializePlatformSupportModulesInManaged (10ms)
				SetLoadedEditorAssemblies (0ms)
				RefreshPlugins (123ms)
				BeforeProcessingInitializeOnLoad (2ms)
				ProcessInitializeOnLoadAttributes (186ms)
				ProcessInitializeOnLoadMethodAttributes (67ms)
				AfterProcessingInitializeOnLoad (0ms)
				EditorAssembliesLoaded (0ms)
			ExecutionOrderSort2 (0ms)
			AwakeInstancesAfterBackupRestoration (0ms)
Platform modules already initialized, skipping
Registering precompiled user dll's ...
Registered in 0.007299 seconds.
Begin MonoManager ReloadAssembly
Native extension for WindowsStandalone target not found
Refreshing native plugins compatible for Editor in 0.81 ms, found 3 plugins.
Preloading 0 native plugins for Editor in 0.00 ms.
Mono: successfully reloaded assembly
- Completed reload, in  1.716 seconds
Domain Reload Profiling:
	ReloadAssembly (1717ms)
		BeginReloadAssembly (151ms)
			ExecutionOrderSort (0ms)
			DisableScriptedObjects (8ms)
			BackupInstance (0ms)
			ReleaseScriptingObjects (0ms)
			CreateAndSetChildDomain (24ms)
		EndReloadAssembly (1420ms)
			LoadAssemblies (111ms)
			RebuildTransferFunctionScriptingTraits (0ms)
			SetupTypeCache (382ms)
			ReleaseScriptCaches (1ms)
			RebuildScriptCaches (78ms)
			SetupLoadedEditorAssemblies (797ms)
				LogAssemblyErrors (0ms)
				InitializePlatformSupportModulesInManaged (8ms)
				SetLoadedEditorAssemblies (1ms)
				RefreshPlugins (1ms)
				BeforeProcessingInitializeOnLoad (116ms)
				ProcessInitializeOnLoadAttributes (623ms)
				ProcessInitializeOnLoadMethodAttributes (34ms)
				AfterProcessingInitializeOnLoad (13ms)
				EditorAssembliesLoaded (0ms)
			ExecutionOrderSort2 (0ms)
			AwakeInstancesAfterBackupRestoration (8ms)
Platform modules already initialized, skipping
========================================================================
Worker process is ready to serve import requests
Shader 'Shader Forge/TLD_StandardDiffuse': fallback shader '_LongDark/TLD_StandardShared' not found
Shader 'Shader Forge/TLD_StandardDiffuse': fallback shader '_LongDark/TLD_StandardShared' not found
Launched and connected shader compiler UnityShaderCompiler.exe after 0.08 seconds
Refreshing native plugins compatible for Editor in 0.72 ms, found 3 plugins.
Preloading 0 native plugins for Editor in 0.00 ms.
Unloading 3853 Unused Serialized files (Serialized files now loaded: 0)
Unloading 25 unused Assets / (56.5 KB). Loaded Objects now: 4316.
Memory consumption went from 133.6 MB to 133.6 MB.
Total: 4.456800 ms (FindLiveObjects: 0.445000 ms CreateObjectMapping: 0.204400 ms MarkObjects: 3.720500 ms  DeleteObjects: 0.086100 ms)

AssetImportParameters requested are different than current active one (requested -> active):
  custom:video-decoder-ogg-theora: a1e56fd34408186e4bbccfd4996cb3dc -> 
  custom:container-muxer-webm: aa71ff27fc2769a1b78a27578f13a17b -> 
  custom:container-demuxer-webm: 4f35f7cbe854078d1ac9338744f61a02 -> 
  custom:video-encoder-webm-vp8: eb34c28f22e8b96e1ab97ce403110664 -> 
  custom:audio-encoder-webm-vorbis: bf7c407c2cedff20999df2af8eb42d56 -> 
  custom:framework-win-MediaFoundation: 216162199b28c13a410421893ffa2e32 -> 
  custom:container-demuxer-ogg: 62fdf1f143b41e24485cea50d1cbac27 -> 
  custom:video-decoder-webm-vp8: 9c59270c3fd7afecdb556c50c9e8de78 -> 
  custom:audio-decoder-ogg-vorbis: bf7c407c2cedff20999df2af8eb42d56 -> 
========================================================================
Received Import Request.
  Time since last request: 27916.922460 seconds.
  path: Assets/AddressableAssetsData/AddressableAssetSettings.asset
  artifactKey: Guid(beb6b8c75e4250744bd80d08bb5023ff) Importer(815301076,1909f56bfc062723c751e8b465ee728b)
Start importing Assets/AddressableAssetsData/AddressableAssetSettings.asset using Guid(beb6b8c75e4250744bd80d08bb5023ff) Importer(815301076,1909f56bfc062723c751e8b465ee728b)  -> (artifact id: '73736e01d73c29f96af3fa307c98fc2d') in 0.075686 seconds 
========================================================================
Received Import Request.
  Time since last request: 6.613211 seconds.
  path: Assets/Shader/Shader Forge_TLD_StandardDiffuse.shader
  artifactKey: Guid(a8f45192e03673c4f8546235ee981236) Importer(815301076,1909f56bfc062723c751e8b465ee728b)
Start importing Assets/Shader/Shader Forge_TLD_StandardDiffuse.shader using Guid(a8f45192e03673c4f8546235ee981236) Importer(815301076,1909f56bfc062723c751e8b465ee728b)  -> (artifact id: '6f304508876fd15f2360fd0130b76637') in 0.004942 seconds 
========================================================================
Received Import Request.
  Time since last request: 16.102368 seconds.
  path: Assets/VanillaMaterials/OBJ_BrandSodaFridges_A01.mat
  artifactKey: Guid(99b24a02d9274694bbc75dc7522e692c) Importer(815301076,1909f56bfc062723c751e8b465ee728b)
Start importing Assets/VanillaMaterials/OBJ_BrandSodaFridges_A01.mat using Guid(99b24a02d9274694bbc75dc7522e692c) Importer(815301076,1909f56bfc062723c751e8b465ee728b) Tried select unknown importer for id '-2' '00000000000000000000000000000000'
 -> (artifact id: 'ae69589f232c2162c6ba8a22e1373216') in 0.119981 seconds 
========================================================================
Received Import Request.
  Time since last request: 13.610435 seconds.
  path: Assets/VanillaMaterials
  artifactKey: Guid(264b3a0c73ae7c544a5bcfe3bb8350f4) Importer(815301076,1909f56bfc062723c751e8b465ee728b)
Start importing Assets/VanillaMaterials using Guid(264b3a0c73ae7c544a5bcfe3bb8350f4) Importer(815301076,1909f56bfc062723c751e8b465ee728b)  -> (artifact id: 'd679c98ae0cde24eade8c88d8a649d57') in 0.004124 seconds 
========================================================================
Received Import Request.
  Time since last request: 26.556027 seconds.
  path: Assets/AddressableAssetsData
  artifactKey: Guid(12386e3bdf27b284fb0339427612e4bc) Importer(815301076,1909f56bfc062723c751e8b465ee728b)
Start importing Assets/AddressableAssetsData using Guid(12386e3bdf27b284fb0339427612e4bc) Importer(815301076,1909f56bfc062723c751e8b465ee728b)  -> (artifact id: 'bfc3149187a1d515c56f8a49480ebaa7') in 0.002592 seconds 
========================================================================
Received Import Request.
  Time since last request: 0.143180 seconds.
  path: Assets/AddressableAssetsData/ProfileDataSourceSettings.asset
  artifactKey: Guid(d93c02494823c6b438c4460235778747) Importer(815301076,1909f56bfc062723c751e8b465ee728b)
Start importing Assets/AddressableAssetsData/ProfileDataSourceSettings.asset using Guid(d93c02494823c6b438c4460235778747) Importer(815301076,1909f56bfc062723c751e8b465ee728b)  -> (artifact id: '2a5bffa00d04364133e4e707f9ec8259') in 0.006694 seconds 
========================================================================
Received Import Request.
  Time since last request: 27.082528 seconds.
  path: Assets/VanillaMaterials/Textures/jpg/OBJ_StoreShelves_A.jpg
  artifactKey: Guid(d599e0b728e514148a2b7936a1367d1e) Importer(815301076,1909f56bfc062723c751e8b465ee728b)
Start importing Assets/VanillaMaterials/Textures/jpg/OBJ_StoreShelves_A.jpg using Guid(d599e0b728e514148a2b7936a1367d1e) Importer(815301076,1909f56bfc062723c751e8b465ee728b)  -> (artifact id: '39a349205830409049fa2d6cd428d94e') in 0.064846 seconds 
========================================================================
Received Import Request.
  Time since last request: 6.869847 seconds.
  path: Assets/VanillaMaterials/Textures/jpg/OBJ_StoreShelves_A 1.jpg
  artifactKey: Guid(d2e1f93ae0aa827498290f6f5d935061) Importer(815301076,1909f56bfc062723c751e8b465ee728b)
Start importing Assets/VanillaMaterials/Textures/jpg/OBJ_StoreShelves_A 1.jpg using Guid(d2e1f93ae0aa827498290f6f5d935061) Importer(815301076,1909f56bfc062723c751e8b465ee728b)  -> (artifact id: 'f5e7049c2ad3a32380c0c9c35c295b0e') in 0.018894 seconds 
========================================================================
Received Import Request.
  Time since last request: 74.392646 seconds.
  path: Assets/VanillaMaterials/OBJ_BrandSodaFridgesB_Mat.mat
  artifactKey: Guid(642d874fe964fa842ad6fc8f1f14423a) Importer(815301076,1909f56bfc062723c751e8b465ee728b)
Start importing Assets/VanillaMaterials/OBJ_BrandSodaFridgesB_Mat.mat using Guid(642d874fe964fa842ad6fc8f1f14423a) Importer(815301076,1909f56bfc062723c751e8b465ee728b)  -> (artifact id: '7e85be2d7f1ab13597c2ff028011b2a3') in 0.217994 seconds 
========================================================================
Received Import Request.
  Time since last request: 0.000025 seconds.
  path: Assets/VanillaMaterials/OBJ_RugsA_01.mat
  artifactKey: Guid(7208e665cee8ec74ab30ffa1df69f01b) Importer(815301076,1909f56bfc062723c751e8b465ee728b)
Start importing Assets/VanillaMaterials/OBJ_RugsA_01.mat using Guid(7208e665cee8ec74ab30ffa1df69f01b) Importer(815301076,1909f56bfc062723c751e8b465ee728b)  -> (artifact id: 'fc9b61194bab915edcc8e319c7767e01') in 0.012212 seconds 
========================================================================
Received Import Request.
  Time since last request: 0.000036 seconds.
  path: Assets/VanillaMaterials/OBJ_StoreShelves_B01.mat
  artifactKey: Guid(b02a694803f50d04fb1390d7f6032fa1) Importer(815301076,1909f56bfc062723c751e8b465ee728b)
Start importing Assets/VanillaMaterials/OBJ_StoreShelves_B01.mat using Guid(b02a694803f50d04fb1390d7f6032fa1) Importer(815301076,1909f56bfc062723c751e8b465ee728b)  -> (artifact id: '9e88479b1fb261e88e52058ad94ca1c8') in 0.011999 seconds 
========================================================================
Received Import Request.
  Time since last request: 22.514829 seconds.
  path: Assets/VanillaMaterials/OBJ_BrandSodaFridges_A01.mat
  artifactKey: Guid(99b24a02d9274694bbc75dc7522e692c) Importer(815301076,1909f56bfc062723c751e8b465ee728b)
Start importing Assets/VanillaMaterials/OBJ_BrandSodaFridges_A01.mat using Guid(99b24a02d9274694bbc75dc7522e692c) Importer(815301076,1909f56bfc062723c751e8b465ee728b)  -> (artifact id: '99b0ec5b1d1b85c3782a91c342121b57') in 0.164770 seconds 
========================================================================
Received Import Request.
  Time since last request: 140.242507 seconds.
  path: Assets/VanillaMaterials/OBJ_CarTruck_A.png
  artifactKey: Guid(954b8d8f7b4fd1e4ea10ffbaccd0d234) Importer(815301076,1909f56bfc062723c751e8b465ee728b)
Start importing Assets/VanillaMaterials/OBJ_CarTruck_A.png using Guid(954b8d8f7b4fd1e4ea10ffbaccd0d234) Importer(815301076,1909f56bfc062723c751e8b465ee728b)  -> (artifact id: 'eb9e48bf7cad5fb5ab80a1a86fa5362f') in 0.016279 seconds 
========================================================================
Received Import Request.
  Time since last request: 0.000030 seconds.
  path: Assets/VanillaMaterials/OBJ_CarTruck_C.mat
  artifactKey: Guid(05fac60ec4e19764487aff4d87555680) Importer(815301076,1909f56bfc062723c751e8b465ee728b)
Start importing Assets/VanillaMaterials/OBJ_CarTruck_C.mat using Guid(05fac60ec4e19764487aff4d87555680) Importer(815301076,1909f56bfc062723c751e8b465ee728b)  -> (artifact id: 'cbac8077c52d8f789cf816a8fb995cf7') in 0.011881 seconds 
========================================================================
Received Import Request.
  Time since last request: 0.000050 seconds.
  path: Assets/VanillaMaterials/OBJ_CarTruck_B.png
  artifactKey: Guid(32ee329fb40159a44a967ef1aa0962a0) Importer(815301076,1909f56bfc062723c751e8b465ee728b)
Start importing Assets/VanillaMaterials/OBJ_CarTruck_B.png using Guid(32ee329fb40159a44a967ef1aa0962a0) Importer(815301076,1909f56bfc062723c751e8b465ee728b)  -> (artifact id: 'f627b62ad7a778a03a49b5bfab4a449f') in 0.008963 seconds 
========================================================================
Received Import Request.
  Time since last request: 0.000025 seconds.
  path: Assets/VanillaMaterials/OBJ_CarTruck_B.mat
  artifactKey: Guid(a7060b0f7c3a7f941a7fb4c0404a6bae) Importer(815301076,1909f56bfc062723c751e8b465ee728b)
Start importing Assets/VanillaMaterials/OBJ_CarTruck_B.mat using Guid(a7060b0f7c3a7f941a7fb4c0404a6bae) Importer(815301076,1909f56bfc062723c751e8b465ee728b)  -> (artifact id: '27932ea6ed29e46f609417c8aac31f75') in 0.007616 seconds 
Editor requested this worker to shutdown with reason: Scaling down because of idle timeout
AssetImportWorker is now disconnected from the server
Process exiting
Exiting without the bug reporter. Application will terminate with return code 0