Using pre-set license
Built from '2021.3/evg/staging/82bb020e-b03b1330/draft-0' branch; Version is '2021.3.16f1 (4016570cf34f) revision 4200023'; Using compiler version '192829333'; Build Type 'Release'
OS: 'Windows 10  (10.0.19044) 64bit Professional' Language: 'en' Physical Memory: 32678 MB
BatchMode: 1, IsHumanControllingUs: 0, StartBugReporterOnCrash: 0, Is64bit: 1, IsPro: 1

COMMAND LINE ARGUMENTS:
C:\Program Files\Unity\Hub\Editor\2021.3.16f1\Editor\Unity.exe
-adb2
-batchMode
-noUpm
-name
AssetImportWorker1
-projectPath
C:/REPOS/Spice-Of-Life/Unity/SpiceOfLife
-logFile
Logs/AssetImportWorker1.log
-srvPort
52066
Successfully changed project path to: C:/REPOS/Spice-Of-Life/Unity/SpiceOfLife
C:/REPOS/Spice-Of-Life/Unity/SpiceOfLife
[UnityMemory] Configuration Parameters - Can be set up in boot.config
    "memorysetup-bucket-allocator-granularity=16"
    "memorysetup-bucket-allocator-bucket-count=8"
    "memorysetup-bucket-allocator-block-size=33554432"
    "memorysetup-bucket-allocator-block-count=8"
    "memorysetup-main-allocator-block-size=16777216"
    "memorysetup-thread-allocator-block-size=16777216"
    "memorysetup-gfx-main-allocator-block-size=16777216"
    "memorysetup-gfx-thread-allocator-block-size=16777216"
    "memorysetup-cache-allocator-block-size=4194304"
    "memorysetup-typetree-allocator-block-size=2097152"
    "memorysetup-profiler-bucket-allocator-granularity=16"
    "memorysetup-profiler-bucket-allocator-bucket-count=8"
    "memorysetup-profiler-bucket-allocator-block-size=33554432"
    "memorysetup-profiler-bucket-allocator-block-count=8"
    "memorysetup-profiler-allocator-block-size=16777216"
    "memorysetup-profiler-editor-allocator-block-size=1048576"
    "memorysetup-temp-allocator-size-main=16777216"
    "memorysetup-job-temp-allocator-block-size=2097152"
    "memorysetup-job-temp-allocator-block-size-background=1048576"
    "memorysetup-job-temp-allocator-reduction-small-platforms=262144"
    "memorysetup-temp-allocator-size-background-worker=32768"
    "memorysetup-temp-allocator-size-job-worker=262144"
    "memorysetup-temp-allocator-size-preload-manager=33554432"
    "memorysetup-temp-allocator-size-nav-mesh-worker=65536"
    "memorysetup-temp-allocator-size-audio-worker=65536"
    "memorysetup-temp-allocator-size-cloud-worker=32768"
    "memorysetup-temp-allocator-size-gi-baking-worker=262144"
    "memorysetup-temp-allocator-size-gfx=262144"
Player connection [15560] Host "[IP] 192.168.178.73 [Port] 0 [Flags] 2 [Guid] 1167660863 [EditorId] 1167660863 [Version] 1048832 [Id] WindowsEditor(7,i7) [Debug] 1 [PackageName] WindowsEditor [ProjectName] Editor" joined multi-casting on [225.0.0.222:54997]...

Player connection [15560] Host "[IP] 192.168.178.73 [Port] 0 [Flags] 2 [Guid] 1167660863 [EditorId] 1167660863 [Version] 1048832 [Id] WindowsEditor(7,i7) [Debug] 1 [PackageName] WindowsEditor [ProjectName] Editor" joined alternative multi-casting on [225.0.0.222:34997]...

Refreshing native plugins compatible for Editor in 107.03 ms, found 3 plugins.
Preloading 0 native plugins for Editor in 0.00 ms.
Initialize engine version: 2021.3.16f1 (4016570cf34f)
[Subsystems] Discovering subsystems at path C:/Program Files/Unity/Hub/Editor/2021.3.16f1/Editor/Data/Resources/UnitySubsystems
[Subsystems] Discovering subsystems at path C:/REPOS/Spice-Of-Life/Unity/SpiceOfLife/Assets
GfxDevice: creating device client; threaded=0; jobified=0
Direct3D:
    Version:  Direct3D 11.0 [level 11.1]
    Renderer: NVIDIA GeForce RTX 3060 (ID=0x2504)
    Vendor:   NVIDIA
    VRAM:     12129 MB
    Driver:   31.0.15.3179
Shader 'Shader Forge/TLD_StandardDiffuse': fallback shader '_LongDark/TLD_StandardShared' not found
Initialize mono
Mono path[0] = 'C:/Program Files/Unity/Hub/Editor/2021.3.16f1/Editor/Data/Managed'
Mono path[1] = 'C:/Program Files/Unity/Hub/Editor/2021.3.16f1/Editor/Data/MonoBleedingEdge/lib/mono/unityjit-win32'
Mono config path = 'C:/Program Files/Unity/Hub/Editor/2021.3.16f1/Editor/Data/MonoBleedingEdge/etc'
Using monoOptions --debugger-agent=transport=dt_socket,embedding=1,server=y,suspend=n,address=127.0.0.1:56576
Begin MonoManager ReloadAssembly
Registering precompiled unity dll's ...
Register platform support module: C:/Program Files/Unity/Hub/Editor/2021.3.16f1/Editor/Data/PlaybackEngines/WindowsStandaloneSupport/UnityEditor.WindowsStandalone.Extensions.dll
Registered in 0.007741 seconds.
Native extension for WindowsStandalone target not found
Refreshing native plugins compatible for Editor in 100.04 ms, found 3 plugins.
Preloading 0 native plugins for Editor in 0.00 ms.
Mono: successfully reloaded assembly
- Completed reload, in  0.827 seconds
Domain Reload Profiling:
	ReloadAssembly (827ms)
		BeginReloadAssembly (91ms)
			ExecutionOrderSort (0ms)
			DisableScriptedObjects (0ms)
			BackupInstance (0ms)
			ReleaseScriptingObjects (0ms)
			CreateAndSetChildDomain (1ms)
		EndReloadAssembly (600ms)
			LoadAssemblies (88ms)
			RebuildTransferFunctionScriptingTraits (0ms)
			SetupTypeCache (141ms)
			ReleaseScriptCaches (0ms)
			RebuildScriptCaches (34ms)
			SetupLoadedEditorAssemblies (361ms)
				LogAssemblyErrors (0ms)
				InitializePlatformSupportModulesInManaged (9ms)
				SetLoadedEditorAssemblies (0ms)
				RefreshPlugins (100ms)
				BeforeProcessingInitializeOnLoad (2ms)
				ProcessInitializeOnLoadAttributes (192ms)
				ProcessInitializeOnLoadMethodAttributes (57ms)
				AfterProcessingInitializeOnLoad (0ms)
				EditorAssembliesLoaded (0ms)
			ExecutionOrderSort2 (0ms)
			AwakeInstancesAfterBackupRestoration (0ms)
Platform modules already initialized, skipping
Registering precompiled user dll's ...
Registered in 0.006869 seconds.
Begin MonoManager ReloadAssembly
Symbol file LoadedFromMemory doesn't match image C:\REPOS\Spice-Of-Life\Unity\SpiceOfLife\Library\PackageCache\com.unity.visualscripting@1.7.8\Editor\VisualScripting.Core\Dependencies\YamlDotNet\Unity.VisualScripting.YamlDotNet.dll
Symbol file LoadedFromMemory doesn't match image C:\REPOS\Spice-Of-Life\Unity\SpiceOfLife\Library\PackageCache\com.unity.visualscripting@1.7.8\Editor\VisualScripting.Core\Dependencies\DotNetZip\Unity.VisualScripting.IonicZip.dll
Native extension for WindowsStandalone target not found
Refreshing native plugins compatible for Editor in 0.63 ms, found 3 plugins.
Preloading 0 native plugins for Editor in 0.00 ms.
Mono: successfully reloaded assembly
- Completed reload, in  1.636 seconds
Domain Reload Profiling:
	ReloadAssembly (1637ms)
		BeginReloadAssembly (130ms)
			ExecutionOrderSort (0ms)
			DisableScriptedObjects (8ms)
			BackupInstance (0ms)
			ReleaseScriptingObjects (0ms)
			CreateAndSetChildDomain (22ms)
		EndReloadAssembly (1358ms)
			LoadAssemblies (93ms)
			RebuildTransferFunctionScriptingTraits (0ms)
			SetupTypeCache (364ms)
			ReleaseScriptCaches (1ms)
			RebuildScriptCaches (68ms)
			SetupLoadedEditorAssemblies (769ms)
				LogAssemblyErrors (0ms)
				InitializePlatformSupportModulesInManaged (6ms)
				SetLoadedEditorAssemblies (1ms)
				RefreshPlugins (1ms)
				BeforeProcessingInitializeOnLoad (123ms)
				ProcessInitializeOnLoadAttributes (588ms)
				ProcessInitializeOnLoadMethodAttributes (38ms)
				AfterProcessingInitializeOnLoad (12ms)
				EditorAssembliesLoaded (0ms)
			ExecutionOrderSort2 (0ms)
			AwakeInstancesAfterBackupRestoration (10ms)
Platform modules already initialized, skipping
========================================================================
Worker process is ready to serve import requests
Shader 'Shader Forge/TLD_StandardDiffuse': fallback shader '_LongDark/TLD_StandardShared' not found
Launched and connected shader compiler UnityShaderCompiler.exe after 0.05 seconds
Refreshing native plugins compatible for Editor in 0.75 ms, found 3 plugins.
Preloading 0 native plugins for Editor in 0.00 ms.
Unloading 3852 Unused Serialized files (Serialized files now loaded: 0)
Unloading 25 unused Assets / (56.0 KB). Loaded Objects now: 4315.
Memory consumption went from 133.3 MB to 133.2 MB.
Total: 4.355900 ms (FindLiveObjects: 0.388000 ms CreateObjectMapping: 0.192400 ms MarkObjects: 3.677900 ms  DeleteObjects: 0.096600 ms)

AssetImportParameters requested are different than current active one (requested -> active):
  custom:video-decoder-ogg-theora: a1e56fd34408186e4bbccfd4996cb3dc -> 
  custom:container-muxer-webm: aa71ff27fc2769a1b78a27578f13a17b -> 
  custom:container-demuxer-webm: 4f35f7cbe854078d1ac9338744f61a02 -> 
  custom:video-encoder-webm-vp8: eb34c28f22e8b96e1ab97ce403110664 -> 
  custom:audio-encoder-webm-vorbis: bf7c407c2cedff20999df2af8eb42d56 -> 
  custom:framework-win-MediaFoundation: 216162199b28c13a410421893ffa2e32 -> 
  custom:container-demuxer-ogg: 62fdf1f143b41e24485cea50d1cbac27 -> 
  custom:video-decoder-webm-vp8: 9c59270c3fd7afecdb556c50c9e8de78 -> 
  custom:audio-decoder-ogg-vorbis: bf7c407c2cedff20999df2af8eb42d56 -> 
========================================================================
Received Import Request.
  Time since last request: 6766.758289 seconds.
  path: Assets/VanillaMaterials/Textures/jpg/OBJ_Rugs_B.jpg
  artifactKey: Guid(a9c3dd35e9fb1584097c211afd557da1) Importer(815301076,1909f56bfc062723c751e8b465ee728b)
Start importing Assets/VanillaMaterials/Textures/jpg/OBJ_Rugs_B.jpg using Guid(a9c3dd35e9fb1584097c211afd557da1) Importer(815301076,1909f56bfc062723c751e8b465ee728b)  -> (artifact id: '97a267fc43caaa34cec2c8bb89f3bfdf') in 0.122167 seconds 
========================================================================
Received Import Request.
  Time since last request: 0.000018 seconds.
  path: Assets/VanillaMaterials/Textures/jpg/OBJ_StoreShelves_B.jpg
  artifactKey: Guid(2ab47376c01ae6c4f989bd67bf2bf652) Importer(815301076,1909f56bfc062723c751e8b465ee728b)
Start importing Assets/VanillaMaterials/Textures/jpg/OBJ_StoreShelves_B.jpg using Guid(2ab47376c01ae6c4f989bd67bf2bf652) Importer(815301076,1909f56bfc062723c751e8b465ee728b)  -> (artifact id: '785708b18eb7fc85d46b9a2f0b3b95b8') in 0.012037 seconds 
========================================================================
Received Import Request.
  Time since last request: 0.000019 seconds.
  path: Assets/VanillaMaterials/Textures/jpg/OBJ_HouseInteriorLights_C_Ilum.jpg
  artifactKey: Guid(a225a151700fb0a45b5375302b5e31d7) Importer(815301076,1909f56bfc062723c751e8b465ee728b)
Start importing Assets/VanillaMaterials/Textures/jpg/OBJ_HouseInteriorLights_C_Ilum.jpg using Guid(a225a151700fb0a45b5375302b5e31d7) Importer(815301076,1909f56bfc062723c751e8b465ee728b)  -> (artifact id: '959e3586802128a6e3da4589cc5a3057') in 0.009651 seconds 
========================================================================
Received Import Request.
  Time since last request: 0.000017 seconds.
  path: Assets/VanillaMaterials/Textures/jpg/OBJ_StoreShelves_A 1.jpg
  artifactKey: Guid(d2e1f93ae0aa827498290f6f5d935061) Importer(815301076,1909f56bfc062723c751e8b465ee728b)
Start importing Assets/VanillaMaterials/Textures/jpg/OBJ_StoreShelves_A 1.jpg using Guid(d2e1f93ae0aa827498290f6f5d935061) Importer(815301076,1909f56bfc062723c751e8b465ee728b)  -> (artifact id: 'ef0a30d1d6c7c4e37ef8c99a3fd34c2f') in 0.009362 seconds 
========================================================================
Received Import Request.
  Time since last request: 0.000021 seconds.
  path: Assets/VanillaMaterials/Textures/jpg/OBJ_StoreShelves_A.jpg
  artifactKey: Guid(d599e0b728e514148a2b7936a1367d1e) Importer(815301076,1909f56bfc062723c751e8b465ee728b)
Start importing Assets/VanillaMaterials/Textures/jpg/OBJ_StoreShelves_A.jpg using Guid(d599e0b728e514148a2b7936a1367d1e) Importer(815301076,1909f56bfc062723c751e8b465ee728b)  -> (artifact id: '4994b0f349b5bf56bf3e2c7c2716e055') in 0.010659 seconds 
========================================================================
Received Import Request.
  Time since last request: 0.000018 seconds.
  path: Assets/VanillaMaterials/Textures/jpg/OBJ_Rugs_A.jpg
  artifactKey: Guid(c5f984af96b284c4daa07869f86f2734) Importer(815301076,1909f56bfc062723c751e8b465ee728b)
Start importing Assets/VanillaMaterials/Textures/jpg/OBJ_Rugs_A.jpg using Guid(c5f984af96b284c4daa07869f86f2734) Importer(815301076,1909f56bfc062723c751e8b465ee728b)  -> (artifact id: 'bdaa84615b952a73a424bcd9049cb9cd') in 0.011197 seconds 
========================================================================
Received Import Request.
  Time since last request: 0.000022 seconds.
  path: Assets/VanillaMaterials/Textures/jpg/OBJ_HouseInteriorLights_A_Ilum.jpg
  artifactKey: Guid(524608eb0519fc248ba25932ab3644c0) Importer(815301076,1909f56bfc062723c751e8b465ee728b)
Start importing Assets/VanillaMaterials/Textures/jpg/OBJ_HouseInteriorLights_A_Ilum.jpg using Guid(524608eb0519fc248ba25932ab3644c0) Importer(815301076,1909f56bfc062723c751e8b465ee728b)  -> (artifact id: '21e0ebbb47486d2752d834df34e1153c') in 0.008270 seconds 
Editor requested this worker to shutdown with reason: Scaling down because of idle timeout
AssetImportWorker is now disconnected from the server
Process exiting
Exiting without the bug reporter. Application will terminate with return code 0